2015-05-06 11:30:04 INFO  StreamsManager:72 - StreamsManager is open now.
2015-05-06 11:30:04 INFO  StreamsMonitor:36 - Initialize Execution Service with 2 threads.
2015-05-06 11:30:04 INFO  MongoDbStorage:53 - Open MongoDB storage <host: 127.0.0.1>
2015-05-06 11:30:04 INFO  StreamsManager:85 - Storage Manager is ready to store.
2015-05-06 11:30:04 INFO  StreamsManager:125 - Start Stream : Youtube
2015-05-06 11:30:04 INFO  YoutubeStream:37 - #YouTube : Open stream
2015-05-06 11:30:04 INFO  StreamsMonitor:65 - Start YouTube Fetch Task
2015-05-06 11:30:04 INFO  StreamsManager:125 - Start Stream : Twitter
2015-05-06 11:30:04 INFO  TwitterStream:30 - #Twitter : Open stream
2015-05-06 11:30:04 INFO  TwitterStream:48 - Initialize Twitter Retriever for REST api
2015-05-06 11:30:05 INFO  StreamsMonitor:65 - Start Twitter Fetch Task
2015-05-06 11:30:05 ERROR StreamsManager:223 - Stream Flickr has not initialized
2015-05-06 11:59:01 ERROR StreamsManager:283 - Error during streams initialization
2015-05-06 11:59:29 INFO  StreamsManager:72 - StreamsManager is open now.
2015-05-06 11:59:29 INFO  StreamsMonitor:36 - Initialize Execution Service with 1 threads.
2015-05-06 11:59:29 INFO  MongoDbStorage:53 - Open MongoDB storage <host: 127.0.0.1>
2015-05-06 11:59:29 INFO  StreamsManager:85 - Storage Manager is ready to store.
2015-05-06 11:59:29 INFO  StreamsManager:125 - Start Stream : Flickr
2015-05-06 11:59:29 INFO  FlickrStream:33 - #Flickr : Open stream
2015-05-06 11:59:30 INFO  StreamsMonitor:65 - Start Flickr Fetch Task
2015-05-06 11:59:32 INFO  StreamsMonitor:161 - Submit new task in Flickr
2015-05-06 11:59:32 INFO  StreamFetchTask:132 - Poll for gr.iti.mklab.sm.feeds.KeywordsFeed@71858895
2015-05-06 11:59:34 INFO  StreamsMonitor:166 - Flickr is running
2015-05-06 11:59:36 INFO  StreamsMonitor:166 - Flickr is running
2015-05-06 11:59:37 INFO  Stream:111 - Retrieved items for Flickr are : 32
2015-05-06 12:41:58 INFO  StreamsManager:72 - StreamsManager is open now.
2015-05-06 12:41:58 INFO  StreamsMonitor:36 - Initialize Execution Service with 1 threads.
2015-05-06 12:41:58 INFO  MongoDbStorage:53 - Open MongoDB storage <host: 127.0.0.1>
2015-05-06 12:41:58 INFO  StreamsManager:85 - Storage Manager is ready to store.
2015-05-06 12:41:58 INFO  StreamsManager:131 - Start Stream : Flickr
2015-05-06 12:41:58 INFO  FlickrStream:33 - #Flickr : Open stream
2015-05-06 12:41:58 INFO  StreamsMonitor:65 - Start Flickr Fetch Task
2015-05-06 12:41:58 ERROR StreamsManager:229 - Stream Instagram has not initialized
2015-05-06 12:42:41 ERROR StreamsManager:289 - Error during streams initialization
2015-05-06 12:42:52 INFO  StreamsManager:72 - StreamsManager is open now.
2015-05-06 12:42:52 INFO  StreamsMonitor:36 - Initialize Execution Service with 1 threads.
2015-05-06 12:42:52 INFO  MongoDbStorage:53 - Open MongoDB storage <host: 127.0.0.1>
2015-05-06 12:42:52 INFO  StreamsManager:85 - Storage Manager is ready to store.
2015-05-06 12:42:52 INFO  StreamsManager:131 - Start Stream : Instagram
2015-05-06 12:42:52 INFO  InstagramStream:31 - #Instagram : Open stream
2015-05-06 12:42:52 INFO  StreamsMonitor:65 - Start Instagram Fetch Task
2015-05-06 12:42:54 INFO  StreamsMonitor:161 - Submit new task in Instagram
2015-05-06 12:42:54 INFO  StreamFetchTask:132 - Poll for gr.iti.mklab.sm.feeds.KeywordsFeed@daff8f80
2015-05-06 12:42:55 INFO  Stream:111 - Retrieved items for Instagram are : 0
2015-05-06 12:43:24 INFO  StreamsManager:72 - StreamsManager is open now.
2015-05-06 12:43:24 INFO  StreamsMonitor:36 - Initialize Execution Service with 1 threads.
2015-05-06 12:43:24 INFO  MongoDbStorage:53 - Open MongoDB storage <host: 127.0.0.1>
2015-05-06 12:43:24 INFO  StreamsManager:85 - Storage Manager is ready to store.
2015-05-06 12:43:24 INFO  StreamsManager:131 - Start Stream : Instagram
2015-05-06 12:43:24 INFO  InstagramStream:31 - #Instagram : Open stream
2015-05-06 12:43:24 INFO  StreamsMonitor:65 - Start Instagram Fetch Task
2015-05-06 12:43:26 INFO  StreamsMonitor:161 - Submit new task in Instagram
2015-05-06 12:43:26 INFO  StreamFetchTask:132 - Poll for gr.iti.mklab.sm.feeds.KeywordsFeed@daff8f80
2015-05-06 12:43:27 INFO  Stream:111 - Retrieved items for Instagram are : 0
2015-05-06 12:48:59 INFO  StreamsManager:72 - StreamsManager is open now.
2015-05-06 12:48:59 INFO  StreamsMonitor:36 - Initialize Execution Service with 1 threads.
2015-05-06 12:48:59 INFO  MongoDbStorage:53 - Open MongoDB storage <host: 127.0.0.1>
2015-05-06 12:48:59 INFO  StreamsManager:85 - Storage Manager is ready to store.
2015-05-06 12:48:59 INFO  StreamsManager:131 - Start Stream : Instagram
2015-05-06 12:48:59 INFO  InstagramStream:31 - #Instagram : Open stream
2015-05-06 12:48:59 INFO  StreamsMonitor:65 - Start Instagram Fetch Task
2015-05-06 12:49:01 INFO  StreamsMonitor:161 - Submit new task in Instagram
2015-05-06 12:49:01 INFO  StreamFetchTask:132 - Poll for gr.iti.mklab.sm.feeds.KeywordsFeed@daff8f80
2015-05-06 12:49:03 INFO  StreamsMonitor:166 - Instagram is running
2015-05-06 12:49:05 INFO  StreamsMonitor:166 - Instagram is running
2015-05-06 12:49:07 INFO  StreamsMonitor:166 - Instagram is running
2015-05-06 12:49:09 INFO  StreamsMonitor:166 - Instagram is running
2015-05-06 12:49:11 INFO  StreamsMonitor:166 - Instagram is running
2015-05-06 12:49:13 INFO  StreamsMonitor:166 - Instagram is running
2015-05-06 12:49:15 INFO  StreamsMonitor:166 - Instagram is running
2015-05-06 12:49:17 INFO  StreamsMonitor:166 - Instagram is running
2015-05-06 12:49:19 INFO  StreamsMonitor:166 - Instagram is running
2015-05-06 12:49:21 INFO  StreamsMonitor:166 - Instagram is running
2015-05-06 12:49:23 INFO  StreamsMonitor:166 - Instagram is running
2015-05-06 12:49:25 INFO  StreamsMonitor:166 - Instagram is running
2015-05-06 12:49:27 INFO  StreamsMonitor:166 - Instagram is running
2015-05-06 12:49:29 INFO  StreamsMonitor:166 - Instagram is running
2015-05-06 12:49:31 INFO  StreamsMonitor:166 - Instagram is running
2015-05-06 12:49:33 INFO  StreamsMonitor:166 - Instagram is running
2015-05-06 12:49:35 INFO  StreamsMonitor:166 - Instagram is running
2015-05-06 12:49:37 INFO  StreamsMonitor:166 - Instagram is running
2015-05-06 12:49:39 INFO  StreamsMonitor:166 - Instagram is running
2015-05-06 12:49:41 INFO  StreamsMonitor:166 - Instagram is running
2015-05-06 12:49:43 INFO  StreamsMonitor:166 - Instagram is running
2015-05-06 12:49:45 INFO  StreamsMonitor:166 - Instagram is running
2015-05-06 12:49:47 INFO  StreamsMonitor:166 - Instagram is running
2015-05-06 12:49:49 INFO  StreamsMonitor:166 - Instagram is running
2015-05-06 12:49:51 INFO  StreamsMonitor:166 - Instagram is running
2015-05-06 12:49:53 INFO  StreamsMonitor:166 - Instagram is running
2015-05-06 12:49:55 INFO  StreamsMonitor:166 - Instagram is running
2015-05-06 12:49:57 INFO  StreamsMonitor:166 - Instagram is running
2015-05-06 12:49:59 INFO  StreamsMonitor:166 - Instagram is running
2015-05-06 12:50:01 INFO  StreamsMonitor:166 - Instagram is running
2015-05-06 12:50:03 INFO  StreamsMonitor:166 - Instagram is running
2015-05-06 12:50:05 INFO  StreamsMonitor:166 - Instagram is running
2015-05-06 12:50:07 INFO  StreamsMonitor:166 - Instagram is running
2015-05-06 12:50:09 INFO  StreamsMonitor:166 - Instagram is running
2015-05-06 12:50:11 INFO  StreamsMonitor:166 - Instagram is running
2015-05-06 12:50:13 INFO  StreamsMonitor:166 - Instagram is running
2015-05-06 12:50:15 INFO  StreamsMonitor:166 - Instagram is running
2015-05-06 12:50:17 INFO  StreamsMonitor:166 - Instagram is running
2015-05-06 12:50:19 INFO  StreamsMonitor:166 - Instagram is running
2015-05-06 12:50:21 INFO  StreamsMonitor:166 - Instagram is running
2015-05-06 12:50:23 INFO  StreamsMonitor:166 - Instagram is running
2015-05-06 12:50:25 INFO  StreamsMonitor:166 - Instagram is running
2015-05-06 12:50:27 INFO  StreamsMonitor:166 - Instagram is running
2015-05-06 12:50:29 INFO  StreamsMonitor:166 - Instagram is running
2015-05-06 12:50:31 INFO  StreamsMonitor:166 - Instagram is running
2015-05-06 12:50:33 INFO  StreamsMonitor:166 - Instagram is running
2015-05-06 12:50:35 INFO  StreamsMonitor:166 - Instagram is running
2015-05-06 12:50:37 INFO  StreamsMonitor:166 - Instagram is running
2015-05-06 12:50:39 INFO  StreamsMonitor:166 - Instagram is running
2015-05-06 12:50:41 INFO  StreamsMonitor:166 - Instagram is running
2015-05-06 12:50:43 INFO  StreamsMonitor:166 - Instagram is running
2015-05-06 12:50:45 INFO  StreamsMonitor:166 - Instagram is running
2015-05-06 12:50:47 INFO  StreamsMonitor:166 - Instagram is running
2015-05-06 12:50:49 INFO  StreamsMonitor:166 - Instagram is running
2015-05-06 12:50:51 INFO  StreamsMonitor:166 - Instagram is running
2015-05-06 12:50:53 INFO  StreamsMonitor:166 - Instagram is running
2015-05-06 12:50:55 INFO  StreamsMonitor:166 - Instagram is running
2015-05-06 12:50:57 INFO  StreamsMonitor:166 - Instagram is running
2015-05-06 12:50:59 INFO  StreamsMonitor:166 - Instagram is running
2015-05-06 12:51:01 INFO  StreamsMonitor:166 - Instagram is running
2015-05-06 12:51:03 INFO  StreamsMonitor:166 - Instagram is running
2015-05-06 12:51:05 INFO  StreamsMonitor:166 - Instagram is running
2015-05-06 12:51:07 INFO  StreamsMonitor:166 - Instagram is running
2015-05-06 12:51:09 INFO  StreamsMonitor:166 - Instagram is running
2015-05-06 12:51:11 INFO  StreamsMonitor:166 - Instagram is running
2015-05-06 12:51:13 INFO  StreamsMonitor:166 - Instagram is running
2015-05-06 12:51:15 INFO  StreamsMonitor:166 - Instagram is running
2015-05-06 12:51:17 INFO  StreamsMonitor:166 - Instagram is running
2015-05-06 12:51:19 INFO  StreamsMonitor:166 - Instagram is running
2015-05-06 12:51:21 INFO  StreamsMonitor:166 - Instagram is running
2015-05-06 12:51:23 INFO  StreamsMonitor:166 - Instagram is running
2015-05-06 12:51:25 INFO  StreamsMonitor:166 - Instagram is running
2015-05-06 12:51:27 INFO  StreamsMonitor:166 - Instagram is running
2015-05-06 12:51:29 INFO  StreamsMonitor:166 - Instagram is running
2015-05-06 12:51:31 INFO  StreamsMonitor:166 - Instagram is running
2015-05-06 12:51:33 INFO  StreamsMonitor:166 - Instagram is running
2015-05-06 12:51:35 INFO  StreamsMonitor:166 - Instagram is running
2015-05-06 12:51:37 INFO  StreamsMonitor:166 - Instagram is running
2015-05-06 12:51:39 INFO  StreamsMonitor:166 - Instagram is running
2015-05-06 12:51:41 INFO  StreamsMonitor:166 - Instagram is running
2015-05-06 12:51:43 INFO  StreamsMonitor:166 - Instagram is running
2015-05-06 12:51:45 INFO  StreamsMonitor:166 - Instagram is running
2015-05-06 12:51:47 INFO  StreamsMonitor:166 - Instagram is running
2015-05-06 12:51:48 INFO  Stream:111 - Retrieved items for Instagram are : 3000
2015-05-06 12:57:20 ERROR StreamsManager:294 - Error during streams initialization
2015-05-06 12:57:46 INFO  StreamsManager:72 - StreamsManager is open now.
2015-05-06 12:57:46 INFO  StreamsMonitor:36 - Initialize Execution Service with 1 threads.
2015-05-06 12:57:46 INFO  MongoDbStorage:53 - Open MongoDB storage <host: 127.0.0.1>
2015-05-06 12:57:46 INFO  StreamsManager:85 - Storage Manager is ready to store.
2015-05-06 12:57:46 INFO  StreamsManager:137 - Start Stream : Tumblr
2015-05-06 12:57:46 INFO  TumblrStream:32 - #Tumblr : Open stream
2015-05-06 12:57:46 INFO  StreamsMonitor:65 - Start Tumblr Fetch Task
2015-05-06 12:57:48 INFO  StreamsMonitor:161 - Submit new task in Tumblr
2015-05-06 12:57:48 INFO  StreamFetchTask:132 - Poll for gr.iti.mklab.sm.feeds.KeywordsFeed@2b3d16a
2015-05-06 12:57:50 INFO  Stream:111 - Retrieved items for Tumblr are : 0
2015-05-06 12:58:55 INFO  StreamsManager:72 - StreamsManager is open now.
2015-05-06 12:58:55 INFO  StreamsMonitor:36 - Initialize Execution Service with 1 threads.
2015-05-06 12:58:55 INFO  MongoDbStorage:53 - Open MongoDB storage <host: 127.0.0.1>
2015-05-06 12:58:55 INFO  StreamsManager:85 - Storage Manager is ready to store.
2015-05-06 12:58:55 INFO  StreamsManager:137 - Start Stream : Tumblr
2015-05-06 12:58:55 INFO  TumblrStream:32 - #Tumblr : Open stream
2015-05-06 12:58:59 INFO  StreamsMonitor:65 - Start Tumblr Fetch Task
2015-05-06 12:59:01 INFO  StreamsMonitor:161 - Submit new task in Tumblr
2015-05-06 12:59:01 INFO  StreamFetchTask:132 - Poll for gr.iti.mklab.sm.feeds.KeywordsFeed@2b3d16a
2015-05-06 12:59:06 INFO  StreamsMonitor:166 - Tumblr is running
2015-05-06 12:59:12 INFO  StreamsMonitor:166 - Tumblr is running
2015-05-06 12:59:14 INFO  StreamsMonitor:166 - Tumblr is running
2015-05-06 12:59:48 INFO  StreamsManager:72 - StreamsManager is open now.
2015-05-06 12:59:48 INFO  StreamsMonitor:36 - Initialize Execution Service with 1 threads.
2015-05-06 12:59:48 INFO  MongoDbStorage:53 - Open MongoDB storage <host: 127.0.0.1>
2015-05-06 12:59:48 INFO  StreamsManager:85 - Storage Manager is ready to store.
2015-05-06 12:59:48 INFO  StreamsManager:137 - Start Stream : Tumblr
2015-05-06 12:59:48 INFO  TumblrStream:32 - #Tumblr : Open stream
2015-05-06 12:59:51 INFO  StreamsMonitor:65 - Start Tumblr Fetch Task
2015-05-06 12:59:53 INFO  StreamsMonitor:161 - Submit new task in Tumblr
2015-05-06 12:59:53 INFO  StreamFetchTask:132 - Poll for gr.iti.mklab.sm.feeds.KeywordsFeed@2b3d16a
2015-05-06 12:59:55 INFO  StreamsMonitor:166 - Tumblr is running
2015-05-06 12:59:58 INFO  StreamsMonitor:166 - Tumblr is running
2015-05-06 13:00:04 INFO  StreamsMonitor:166 - Tumblr is running
2015-05-06 13:00:08 INFO  StreamsMonitor:166 - Tumblr is running
2015-05-06 13:00:19 INFO  StreamsMonitor:166 - Tumblr is running
2015-05-06 13:01:10 INFO  StreamsManager:72 - StreamsManager is open now.
2015-05-06 13:01:10 INFO  StreamsMonitor:36 - Initialize Execution Service with 1 threads.
2015-05-06 13:01:10 INFO  MongoDbStorage:53 - Open MongoDB storage <host: 127.0.0.1>
2015-05-06 13:01:10 INFO  StreamsManager:85 - Storage Manager is ready to store.
2015-05-06 13:01:10 INFO  StreamsManager:137 - Start Stream : Tumblr
2015-05-06 13:01:10 INFO  TumblrStream:32 - #Tumblr : Open stream
2015-05-06 13:01:10 INFO  StreamsMonitor:65 - Start Tumblr Fetch Task
2015-05-06 13:01:12 INFO  StreamsMonitor:161 - Submit new task in Tumblr
2015-05-06 13:01:12 INFO  StreamFetchTask:132 - Poll for gr.iti.mklab.sm.feeds.KeywordsFeed@2b3d16a
2015-05-06 13:01:14 INFO  StreamsMonitor:166 - Tumblr is running
2015-05-06 13:01:16 INFO  StreamsMonitor:166 - Tumblr is running
2015-05-06 13:01:18 INFO  StreamsMonitor:166 - Tumblr is running
2015-05-06 13:01:20 INFO  StreamsMonitor:166 - Tumblr is running
2015-05-06 13:01:22 INFO  StreamsMonitor:166 - Tumblr is running
2015-05-06 13:01:24 INFO  StreamsMonitor:166 - Tumblr is running
2015-05-06 13:01:26 INFO  StreamsMonitor:166 - Tumblr is running
2015-05-06 13:01:28 INFO  StreamsMonitor:166 - Tumblr is running
2015-05-06 13:01:30 INFO  StreamsMonitor:166 - Tumblr is running
2015-05-06 13:01:32 INFO  StreamsMonitor:166 - Tumblr is running
2015-05-06 13:01:34 INFO  StreamsMonitor:166 - Tumblr is running
2015-05-06 13:01:36 INFO  StreamsMonitor:166 - Tumblr is running
2015-05-06 13:01:38 INFO  StreamsMonitor:166 - Tumblr is running
2015-05-06 13:01:40 INFO  StreamsMonitor:166 - Tumblr is running
2015-05-06 13:01:42 INFO  StreamsMonitor:166 - Tumblr is running
2015-05-06 13:01:44 INFO  StreamsMonitor:166 - Tumblr is running
2015-05-06 13:01:46 INFO  StreamsMonitor:166 - Tumblr is running
2015-05-06 13:01:48 INFO  StreamsMonitor:166 - Tumblr is running
2015-05-06 13:01:50 INFO  StreamsMonitor:166 - Tumblr is running
2015-05-06 13:01:52 INFO  StreamsMonitor:166 - Tumblr is running
2015-05-06 13:01:54 INFO  StreamsMonitor:166 - Tumblr is running
2015-05-06 13:01:56 INFO  StreamsMonitor:166 - Tumblr is running
2015-05-06 13:01:58 INFO  StreamsMonitor:166 - Tumblr is running
2015-05-06 13:02:00 INFO  StreamsMonitor:166 - Tumblr is running
2015-05-06 13:02:02 INFO  StreamsMonitor:166 - Tumblr is running
2015-05-06 13:02:04 INFO  StreamsMonitor:166 - Tumblr is running
2015-05-06 13:02:06 INFO  StreamsMonitor:166 - Tumblr is running
2015-05-06 13:02:08 INFO  StreamsMonitor:166 - Tumblr is running
2015-05-06 13:02:10 INFO  StreamsMonitor:166 - Tumblr is running
2015-05-06 13:02:12 INFO  StreamsMonitor:166 - Tumblr is running
2015-05-06 13:02:14 INFO  StreamsMonitor:166 - Tumblr is running
2015-05-06 13:02:16 INFO  StreamsMonitor:166 - Tumblr is running
2015-05-06 13:02:18 INFO  StreamsMonitor:166 - Tumblr is running
2015-05-06 13:02:20 INFO  StreamsMonitor:166 - Tumblr is running
2015-05-06 13:02:22 INFO  StreamsMonitor:166 - Tumblr is running
2015-05-06 13:02:24 INFO  StreamsMonitor:166 - Tumblr is running
2015-05-06 13:02:26 INFO  StreamsMonitor:166 - Tumblr is running
2015-05-06 13:02:28 INFO  StreamsMonitor:166 - Tumblr is running
2015-05-06 13:02:30 INFO  StreamsMonitor:166 - Tumblr is running
2015-05-06 13:02:32 INFO  StreamsMonitor:166 - Tumblr is running
2015-05-06 13:02:34 INFO  StreamsMonitor:166 - Tumblr is running
2015-05-06 13:02:36 INFO  StreamsMonitor:166 - Tumblr is running
2015-05-06 13:02:38 INFO  StreamsMonitor:166 - Tumblr is running
2015-05-06 13:02:40 INFO  StreamsMonitor:166 - Tumblr is running
2015-05-06 13:02:42 INFO  StreamsMonitor:166 - Tumblr is running
2015-05-06 13:02:44 INFO  StreamsMonitor:166 - Tumblr is running
2015-05-06 13:02:46 INFO  StreamsMonitor:166 - Tumblr is running
2015-05-06 13:02:48 INFO  StreamsMonitor:166 - Tumblr is running
2015-05-06 13:02:50 INFO  StreamsMonitor:166 - Tumblr is running
2015-05-06 13:02:52 INFO  StreamsMonitor:166 - Tumblr is running
2015-05-06 13:02:54 INFO  StreamsMonitor:166 - Tumblr is running
2015-05-06 13:02:56 INFO  StreamsMonitor:166 - Tumblr is running
2015-05-06 13:02:58 INFO  StreamsMonitor:166 - Tumblr is running
2015-05-06 13:03:00 INFO  StreamsMonitor:166 - Tumblr is running
2015-05-06 13:03:02 INFO  StreamsMonitor:166 - Tumblr is running
2015-05-06 13:03:04 INFO  StreamsMonitor:166 - Tumblr is running
2015-05-06 13:03:06 INFO  StreamsMonitor:166 - Tumblr is running
2015-05-06 13:03:08 INFO  StreamsMonitor:166 - Tumblr is running
2015-05-06 13:03:10 INFO  StreamsMonitor:166 - Tumblr is running
2015-05-06 13:03:12 INFO  StreamsMonitor:166 - Tumblr is running
2015-05-06 13:03:14 INFO  StreamsMonitor:166 - Tumblr is running
2015-05-06 13:03:16 INFO  StreamsMonitor:166 - Tumblr is running
2015-05-06 13:03:18 INFO  StreamsMonitor:166 - Tumblr is running
2015-05-06 13:03:20 INFO  StreamsMonitor:166 - Tumblr is running
2015-05-06 13:03:22 INFO  StreamsMonitor:166 - Tumblr is running
2015-05-06 13:03:24 INFO  StreamsMonitor:166 - Tumblr is running
2015-05-06 13:03:26 INFO  StreamsMonitor:166 - Tumblr is running
2015-05-06 13:03:28 INFO  StreamsMonitor:166 - Tumblr is running
2015-05-06 13:03:30 INFO  StreamsMonitor:166 - Tumblr is running
2015-05-06 13:03:32 INFO  StreamsMonitor:166 - Tumblr is running
2015-05-06 13:03:34 INFO  StreamsMonitor:166 - Tumblr is running
2015-05-06 13:03:36 INFO  StreamsMonitor:166 - Tumblr is running
2015-05-06 13:03:38 INFO  StreamsMonitor:166 - Tumblr is running
2015-05-06 13:03:40 INFO  StreamsMonitor:166 - Tumblr is running
2015-05-06 13:03:42 INFO  StreamsMonitor:166 - Tumblr is running
2015-05-06 13:03:44 INFO  StreamsMonitor:166 - Tumblr is running
2015-05-06 13:03:46 INFO  StreamsMonitor:166 - Tumblr is running
2015-05-06 13:03:48 INFO  StreamsMonitor:166 - Tumblr is running
2015-05-06 13:03:50 INFO  StreamsMonitor:166 - Tumblr is running
2015-05-06 13:03:52 INFO  StreamsMonitor:166 - Tumblr is running
2015-05-06 13:03:54 INFO  StreamsMonitor:166 - Tumblr is running
2015-05-06 13:03:56 INFO  StreamsMonitor:166 - Tumblr is running
2015-05-06 13:03:58 INFO  StreamsMonitor:166 - Tumblr is running
2015-05-06 13:04:00 INFO  StreamsMonitor:166 - Tumblr is running
2015-05-06 13:04:02 INFO  StreamsMonitor:166 - Tumblr is running
2015-05-06 13:04:04 INFO  StreamsMonitor:166 - Tumblr is running
2015-05-06 13:04:06 INFO  StreamsMonitor:166 - Tumblr is running
2015-05-06 13:04:08 INFO  StreamsMonitor:166 - Tumblr is running
2015-05-06 13:04:10 INFO  StreamsMonitor:166 - Tumblr is running
2015-05-06 13:04:12 INFO  StreamsMonitor:166 - Tumblr is running
2015-05-06 13:04:14 INFO  StreamsMonitor:166 - Tumblr is running
2015-05-06 13:04:16 INFO  StreamsMonitor:166 - Tumblr is running
2015-05-06 13:04:18 INFO  StreamsMonitor:166 - Tumblr is running
2015-05-06 13:04:20 INFO  StreamsMonitor:166 - Tumblr is running
2015-05-06 13:04:22 INFO  StreamsMonitor:166 - Tumblr is running
2015-05-06 13:04:24 INFO  StreamsMonitor:166 - Tumblr is running
2015-05-06 13:04:26 INFO  StreamsMonitor:166 - Tumblr is running
2015-05-06 13:04:28 INFO  StreamsMonitor:166 - Tumblr is running
2015-05-06 13:04:30 INFO  StreamsMonitor:166 - Tumblr is running
2015-05-06 13:04:32 INFO  StreamsMonitor:166 - Tumblr is running
2015-05-06 13:04:34 INFO  StreamsMonitor:166 - Tumblr is running
2015-05-06 13:04:36 INFO  StreamsMonitor:166 - Tumblr is running
2015-05-06 13:04:38 INFO  StreamsMonitor:166 - Tumblr is running
2015-05-06 13:04:40 INFO  StreamsMonitor:166 - Tumblr is running
2015-05-06 13:04:42 INFO  StreamsMonitor:166 - Tumblr is running
2015-05-06 13:04:44 INFO  StreamsMonitor:166 - Tumblr is running
2015-05-06 13:04:46 INFO  StreamsMonitor:166 - Tumblr is running
2015-05-06 13:04:48 INFO  StreamsMonitor:166 - Tumblr is running
2015-05-06 13:04:50 INFO  StreamsMonitor:166 - Tumblr is running
2015-05-06 13:04:52 INFO  StreamsMonitor:166 - Tumblr is running
2015-05-06 13:04:54 INFO  StreamsMonitor:166 - Tumblr is running
2015-05-06 13:04:56 INFO  StreamsMonitor:166 - Tumblr is running
2015-05-06 13:04:58 INFO  StreamsMonitor:166 - Tumblr is running
2015-05-06 13:05:00 INFO  StreamsMonitor:166 - Tumblr is running
2015-05-06 13:05:02 INFO  StreamsMonitor:166 - Tumblr is running
2015-05-06 13:05:04 INFO  StreamsMonitor:166 - Tumblr is running
2015-05-06 13:05:06 INFO  StreamsMonitor:166 - Tumblr is running
2015-05-06 13:05:08 INFO  StreamsMonitor:166 - Tumblr is running
2015-05-06 13:05:10 INFO  StreamsMonitor:166 - Tumblr is running
2015-05-06 13:05:12 INFO  StreamsMonitor:166 - Tumblr is running
2015-05-06 13:05:14 INFO  StreamsMonitor:166 - Tumblr is running
2015-05-06 13:05:16 INFO  StreamsMonitor:166 - Tumblr is running
2015-05-06 13:05:18 INFO  StreamsMonitor:166 - Tumblr is running
2015-05-06 13:05:20 INFO  StreamsMonitor:166 - Tumblr is running
2015-05-06 13:05:22 INFO  StreamsMonitor:166 - Tumblr is running
2015-05-06 13:05:24 INFO  StreamsMonitor:166 - Tumblr is running
2015-05-06 13:05:26 INFO  StreamsMonitor:166 - Tumblr is running
2015-05-06 13:05:28 INFO  StreamsMonitor:166 - Tumblr is running
2015-05-06 13:05:30 INFO  StreamsMonitor:166 - Tumblr is running
2015-05-06 13:05:32 INFO  StreamsMonitor:166 - Tumblr is running
2015-05-06 13:05:34 INFO  StreamsMonitor:166 - Tumblr is running
2015-05-06 13:05:36 INFO  StreamsMonitor:166 - Tumblr is running
2015-05-06 13:05:38 INFO  StreamsMonitor:166 - Tumblr is running
2015-05-06 13:05:40 INFO  StreamsMonitor:166 - Tumblr is running
2015-05-06 13:05:42 INFO  StreamsMonitor:166 - Tumblr is running
2015-05-06 13:05:44 INFO  StreamsMonitor:166 - Tumblr is running
2015-05-06 13:05:46 INFO  StreamsMonitor:166 - Tumblr is running
2015-05-06 13:05:48 INFO  StreamsMonitor:166 - Tumblr is running
2015-05-06 13:05:50 INFO  StreamsMonitor:166 - Tumblr is running
2015-05-06 13:05:52 INFO  StreamsMonitor:166 - Tumblr is running
2015-05-06 13:05:54 INFO  StreamsMonitor:166 - Tumblr is running
2015-05-06 13:05:56 INFO  StreamsMonitor:166 - Tumblr is running
2015-05-06 13:05:58 INFO  StreamsMonitor:166 - Tumblr is running
2015-05-06 13:06:00 INFO  StreamsMonitor:166 - Tumblr is running
2015-05-06 13:06:02 INFO  StreamsMonitor:166 - Tumblr is running
2015-05-06 13:06:04 INFO  StreamsMonitor:166 - Tumblr is running
2015-05-06 13:06:06 INFO  StreamsMonitor:166 - Tumblr is running
2015-05-06 13:06:08 INFO  StreamsMonitor:166 - Tumblr is running
2015-05-06 13:06:10 INFO  StreamsMonitor:166 - Tumblr is running
2015-05-06 13:06:12 INFO  StreamsMonitor:166 - Tumblr is running
2015-05-06 13:06:14 INFO  StreamsMonitor:166 - Tumblr is running
2015-05-06 13:06:16 INFO  StreamsMonitor:166 - Tumblr is running
2015-05-06 13:06:18 INFO  StreamsMonitor:166 - Tumblr is running
2015-05-06 13:06:20 INFO  StreamsMonitor:166 - Tumblr is running
2015-05-06 13:06:22 INFO  StreamsMonitor:166 - Tumblr is running
2015-05-06 13:06:24 INFO  StreamsMonitor:166 - Tumblr is running
2015-05-06 13:06:26 INFO  StreamsMonitor:166 - Tumblr is running
2015-05-06 13:06:28 INFO  StreamsMonitor:166 - Tumblr is running
2015-05-06 13:06:30 INFO  StreamsMonitor:166 - Tumblr is running
2015-05-06 13:06:32 INFO  StreamsMonitor:166 - Tumblr is running
2015-05-06 13:06:34 INFO  StreamsMonitor:166 - Tumblr is running
2015-05-06 13:06:36 INFO  StreamsMonitor:166 - Tumblr is running
2015-05-06 13:06:38 INFO  StreamsMonitor:166 - Tumblr is running
2015-05-06 13:06:40 INFO  StreamsMonitor:166 - Tumblr is running
2015-05-06 13:06:42 INFO  StreamsMonitor:166 - Tumblr is running
2015-05-06 13:06:44 INFO  StreamsMonitor:166 - Tumblr is running
2015-05-06 13:06:46 INFO  StreamsMonitor:166 - Tumblr is running
2015-05-06 13:06:48 INFO  StreamsMonitor:166 - Tumblr is running
2015-05-06 13:06:50 INFO  StreamsMonitor:166 - Tumblr is running
2015-05-06 13:06:52 INFO  StreamsMonitor:166 - Tumblr is running
2015-05-06 13:06:54 INFO  StreamsMonitor:166 - Tumblr is running
2015-05-06 13:06:56 INFO  StreamsMonitor:166 - Tumblr is running
2015-05-06 13:06:58 INFO  StreamsMonitor:166 - Tumblr is running
2015-05-06 13:07:00 INFO  StreamsMonitor:166 - Tumblr is running
2015-05-06 13:07:02 INFO  StreamsMonitor:166 - Tumblr is running
2015-05-06 13:07:03 INFO  Stream:111 - Retrieved items for Tumblr are : 589
2015-05-06 13:26:02 INFO  StreamsManager:72 - StreamsManager is open now.
2015-05-06 13:26:02 INFO  StreamsMonitor:36 - Initialize Execution Service with 1 threads.
2015-05-06 13:26:02 INFO  MongoDbStorage:53 - Open MongoDB storage <host: 127.0.0.1>
2015-05-06 13:26:02 INFO  StreamsManager:85 - Storage Manager is ready to store.
2015-05-06 13:26:02 INFO  StreamsManager:137 - Start Stream : Tumblr
2015-05-06 13:26:02 INFO  TumblrStream:32 - #Tumblr : Open stream
2015-05-06 13:26:02 INFO  StreamsMonitor:65 - Start Tumblr Fetch Task
2015-05-06 13:26:04 INFO  StreamsMonitor:161 - Submit new task in Tumblr
2015-05-06 13:26:04 INFO  StreamFetchTask:132 - Poll for gr.iti.mklab.sm.feeds.KeywordsFeed@2b3d16a
2015-05-06 13:26:06 INFO  StreamsMonitor:166 - Tumblr is running
2015-05-06 13:26:08 INFO  StreamsMonitor:166 - Tumblr is running
2015-05-06 13:26:10 INFO  StreamsMonitor:166 - Tumblr is running
2015-05-06 13:26:12 INFO  StreamsMonitor:166 - Tumblr is running
2015-05-06 13:26:14 INFO  StreamsMonitor:166 - Tumblr is running
2015-05-06 13:26:16 INFO  StreamsMonitor:166 - Tumblr is running
2015-05-06 13:26:18 INFO  StreamsMonitor:166 - Tumblr is running
2015-05-06 13:26:20 INFO  StreamsMonitor:166 - Tumblr is running
2015-05-06 13:26:22 INFO  StreamsMonitor:166 - Tumblr is running
2015-05-06 13:26:24 INFO  StreamsMonitor:166 - Tumblr is running
2015-05-06 13:26:26 INFO  StreamsMonitor:166 - Tumblr is running
2015-05-06 13:26:28 INFO  StreamsMonitor:166 - Tumblr is running
2015-05-06 13:26:30 INFO  StreamsMonitor:166 - Tumblr is running
2015-05-06 13:26:32 INFO  StreamsMonitor:166 - Tumblr is running
2015-05-06 13:26:34 INFO  StreamsMonitor:166 - Tumblr is running
2015-05-06 13:26:36 INFO  StreamsMonitor:166 - Tumblr is running
2015-05-06 13:26:38 INFO  StreamsMonitor:166 - Tumblr is running
2015-05-06 13:26:40 INFO  StreamsMonitor:166 - Tumblr is running
2015-05-06 13:26:42 INFO  StreamsMonitor:166 - Tumblr is running
2015-05-06 13:26:44 INFO  StreamsMonitor:166 - Tumblr is running
2015-05-06 13:26:46 INFO  StreamsMonitor:166 - Tumblr is running
2015-05-06 13:26:48 INFO  StreamsMonitor:166 - Tumblr is running
2015-05-06 13:26:50 INFO  StreamsMonitor:166 - Tumblr is running
2015-05-06 13:26:52 INFO  StreamsMonitor:166 - Tumblr is running
2015-05-06 13:26:54 INFO  StreamsMonitor:166 - Tumblr is running
2015-05-06 13:26:56 INFO  StreamsMonitor:166 - Tumblr is running
2015-05-06 13:26:58 INFO  StreamsMonitor:166 - Tumblr is running
2015-05-06 13:27:00 INFO  StreamsMonitor:166 - Tumblr is running
2015-05-06 13:27:02 INFO  StreamsMonitor:166 - Tumblr is running
2015-05-06 13:27:04 INFO  StreamsMonitor:166 - Tumblr is running
2015-05-06 13:27:06 INFO  StreamsMonitor:166 - Tumblr is running
2015-05-06 13:27:08 INFO  StreamsMonitor:166 - Tumblr is running
2015-05-06 13:27:10 INFO  StreamsMonitor:166 - Tumblr is running
2015-05-06 13:27:12 INFO  StreamsMonitor:166 - Tumblr is running
2015-05-06 13:27:14 INFO  StreamsMonitor:166 - Tumblr is running
2015-05-06 13:27:16 INFO  StreamsMonitor:166 - Tumblr is running
2015-05-06 13:27:18 INFO  StreamsMonitor:166 - Tumblr is running
2015-05-06 13:27:20 INFO  StreamsMonitor:166 - Tumblr is running
2015-05-06 13:27:22 INFO  StreamsMonitor:166 - Tumblr is running
2015-05-06 13:27:24 INFO  StreamsMonitor:166 - Tumblr is running
2015-05-06 13:27:26 INFO  StreamsMonitor:166 - Tumblr is running
2015-05-06 13:27:28 INFO  StreamsMonitor:166 - Tumblr is running
2015-05-06 13:27:30 INFO  StreamsMonitor:166 - Tumblr is running
2015-05-06 13:27:32 INFO  StreamsMonitor:166 - Tumblr is running
2015-05-06 13:27:34 INFO  StreamsMonitor:166 - Tumblr is running
2015-05-06 13:27:36 INFO  StreamsMonitor:166 - Tumblr is running
2015-05-06 13:27:38 INFO  StreamsMonitor:166 - Tumblr is running
2015-05-06 13:27:40 INFO  StreamsMonitor:166 - Tumblr is running
2015-05-06 13:27:42 INFO  StreamsMonitor:166 - Tumblr is running
2015-05-06 13:27:44 INFO  StreamsMonitor:166 - Tumblr is running
2015-05-06 13:27:46 INFO  StreamsMonitor:166 - Tumblr is running
2015-05-06 13:27:48 INFO  StreamsMonitor:166 - Tumblr is running
2015-05-06 13:27:50 INFO  StreamsMonitor:166 - Tumblr is running
2015-05-06 13:27:52 INFO  StreamsMonitor:166 - Tumblr is running
2015-05-06 13:27:54 INFO  StreamsMonitor:166 - Tumblr is running
2015-05-06 13:27:56 INFO  StreamsMonitor:166 - Tumblr is running
2015-05-06 13:27:58 INFO  StreamsMonitor:166 - Tumblr is running
2015-05-06 13:28:00 INFO  StreamsMonitor:166 - Tumblr is running
2015-05-06 13:28:02 INFO  StreamsMonitor:166 - Tumblr is running
2015-05-06 13:28:04 INFO  StreamsMonitor:166 - Tumblr is running
2015-05-06 13:28:06 INFO  StreamsMonitor:166 - Tumblr is running
2015-05-06 13:28:08 INFO  StreamsMonitor:166 - Tumblr is running
2015-05-06 13:28:10 INFO  StreamsMonitor:166 - Tumblr is running
2015-05-06 13:28:12 INFO  StreamsMonitor:166 - Tumblr is running
2015-05-06 13:28:14 INFO  StreamsMonitor:166 - Tumblr is running
2015-05-06 13:28:16 INFO  StreamsMonitor:166 - Tumblr is running
2015-05-06 13:28:18 INFO  StreamsMonitor:166 - Tumblr is running
2015-05-06 13:28:20 INFO  StreamsMonitor:166 - Tumblr is running
2015-05-06 13:28:22 INFO  StreamsMonitor:166 - Tumblr is running
2015-05-06 13:28:24 INFO  StreamsMonitor:166 - Tumblr is running
2015-05-06 13:28:26 INFO  StreamsMonitor:166 - Tumblr is running
2015-05-06 13:28:28 INFO  StreamsMonitor:166 - Tumblr is running
2015-05-06 13:28:30 INFO  StreamsMonitor:166 - Tumblr is running
2015-05-06 13:28:32 INFO  StreamsMonitor:166 - Tumblr is running
2015-05-06 13:28:34 INFO  StreamsMonitor:166 - Tumblr is running
2015-05-06 13:28:36 INFO  StreamsMonitor:166 - Tumblr is running
2015-05-06 13:28:38 INFO  StreamsMonitor:166 - Tumblr is running
2015-05-06 13:28:40 INFO  StreamsMonitor:166 - Tumblr is running
2015-05-06 13:28:42 INFO  StreamsMonitor:166 - Tumblr is running
2015-05-06 13:28:44 INFO  StreamsMonitor:166 - Tumblr is running
2015-05-06 13:28:46 INFO  StreamsMonitor:166 - Tumblr is running
2015-05-06 13:28:48 INFO  StreamsMonitor:166 - Tumblr is running
2015-05-06 13:28:50 INFO  StreamsMonitor:166 - Tumblr is running
2015-05-06 13:28:52 INFO  StreamsMonitor:166 - Tumblr is running
2015-05-06 13:28:54 INFO  StreamsMonitor:166 - Tumblr is running
2015-05-06 13:28:56 INFO  StreamsMonitor:166 - Tumblr is running
2015-05-06 13:28:58 INFO  StreamsMonitor:166 - Tumblr is running
2015-05-06 13:29:00 INFO  StreamsMonitor:166 - Tumblr is running
2015-05-06 13:29:02 INFO  StreamsMonitor:166 - Tumblr is running
2015-05-06 13:29:04 INFO  StreamsMonitor:166 - Tumblr is running
2015-05-06 13:29:06 INFO  StreamsMonitor:166 - Tumblr is running
2015-05-06 13:29:08 INFO  StreamsMonitor:166 - Tumblr is running
2015-05-06 13:29:10 INFO  StreamsMonitor:166 - Tumblr is running
2015-05-06 13:29:12 INFO  StreamsMonitor:166 - Tumblr is running
2015-05-06 13:29:14 INFO  StreamsMonitor:166 - Tumblr is running
2015-05-06 13:29:16 INFO  StreamsMonitor:166 - Tumblr is running
2015-05-06 13:29:18 INFO  StreamsMonitor:166 - Tumblr is running
2015-05-06 13:29:20 INFO  StreamsMonitor:166 - Tumblr is running
2015-05-06 13:29:22 INFO  StreamsMonitor:166 - Tumblr is running
2015-05-06 13:29:24 INFO  StreamsMonitor:166 - Tumblr is running
2015-05-06 13:29:26 INFO  StreamsMonitor:166 - Tumblr is running
2015-05-06 13:29:28 INFO  StreamsMonitor:166 - Tumblr is running
2015-05-06 13:29:30 INFO  StreamsMonitor:166 - Tumblr is running
2015-05-06 13:29:32 INFO  StreamsMonitor:166 - Tumblr is running
2015-05-06 13:29:34 INFO  StreamsMonitor:166 - Tumblr is running
2015-05-06 13:29:36 INFO  StreamsMonitor:166 - Tumblr is running
2015-05-06 13:29:38 INFO  StreamsMonitor:166 - Tumblr is running
2015-05-06 13:29:40 INFO  StreamsMonitor:166 - Tumblr is running
2015-05-06 13:29:42 INFO  StreamsMonitor:166 - Tumblr is running
2015-05-06 13:29:44 INFO  StreamsMonitor:166 - Tumblr is running
2015-05-06 13:29:46 INFO  StreamsMonitor:166 - Tumblr is running
2015-05-06 13:29:48 INFO  StreamsMonitor:166 - Tumblr is running
2015-05-06 13:29:50 INFO  StreamsMonitor:166 - Tumblr is running
2015-05-06 13:29:52 INFO  StreamsMonitor:166 - Tumblr is running
2015-05-06 13:29:54 INFO  StreamsMonitor:166 - Tumblr is running
2015-05-06 13:29:56 INFO  StreamsMonitor:166 - Tumblr is running
2015-05-06 13:29:58 INFO  StreamsMonitor:166 - Tumblr is running
2015-05-06 13:30:00 INFO  StreamsMonitor:166 - Tumblr is running
2015-05-06 13:30:02 INFO  StreamsMonitor:166 - Tumblr is running
2015-05-06 13:30:04 INFO  StreamsMonitor:166 - Tumblr is running
2015-05-06 13:30:06 INFO  StreamsMonitor:166 - Tumblr is running
2015-05-06 13:30:08 INFO  StreamsMonitor:166 - Tumblr is running
2015-05-06 13:30:10 INFO  StreamsMonitor:166 - Tumblr is running
2015-05-06 13:30:12 INFO  StreamsMonitor:166 - Tumblr is running
2015-05-06 13:30:14 INFO  StreamsMonitor:166 - Tumblr is running
2015-05-06 13:30:16 INFO  StreamsMonitor:166 - Tumblr is running
2015-05-06 13:30:18 INFO  StreamsMonitor:166 - Tumblr is running
2015-05-06 13:30:20 INFO  StreamsMonitor:166 - Tumblr is running
2015-05-06 13:30:22 INFO  StreamsMonitor:166 - Tumblr is running
2015-05-06 13:30:24 INFO  StreamsMonitor:166 - Tumblr is running
2015-05-06 13:30:26 INFO  StreamsMonitor:166 - Tumblr is running
2015-05-06 13:30:28 INFO  StreamsMonitor:166 - Tumblr is running
2015-05-06 13:30:30 INFO  StreamsMonitor:166 - Tumblr is running
2015-05-06 13:30:32 INFO  StreamsMonitor:166 - Tumblr is running
2015-05-06 13:30:34 INFO  StreamsMonitor:166 - Tumblr is running
2015-05-06 13:30:36 INFO  StreamsMonitor:166 - Tumblr is running
2015-05-06 13:30:38 INFO  StreamsMonitor:166 - Tumblr is running
2015-05-06 13:30:40 INFO  StreamsMonitor:166 - Tumblr is running
2015-05-06 13:30:42 INFO  StreamsMonitor:166 - Tumblr is running
2015-05-06 13:30:44 INFO  StreamsMonitor:166 - Tumblr is running
2015-05-06 13:30:46 INFO  StreamsMonitor:166 - Tumblr is running
2015-05-06 13:30:48 INFO  StreamsMonitor:166 - Tumblr is running
2015-05-06 13:30:50 INFO  StreamsMonitor:166 - Tumblr is running
2015-05-06 13:30:52 INFO  StreamsMonitor:166 - Tumblr is running
2015-05-06 13:30:54 INFO  StreamsMonitor:166 - Tumblr is running
2015-05-06 13:30:56 INFO  StreamsMonitor:166 - Tumblr is running
2015-05-06 13:30:58 INFO  StreamsMonitor:166 - Tumblr is running
2015-05-06 13:31:00 INFO  StreamsMonitor:166 - Tumblr is running
2015-05-06 13:31:02 INFO  StreamsMonitor:166 - Tumblr is running
2015-05-06 13:31:04 INFO  StreamsMonitor:166 - Tumblr is running
2015-05-06 13:31:06 INFO  StreamsMonitor:166 - Tumblr is running
2015-05-06 13:31:08 INFO  StreamsMonitor:166 - Tumblr is running
2015-05-06 13:31:10 INFO  StreamsMonitor:166 - Tumblr is running
2015-05-06 13:31:12 INFO  StreamsMonitor:166 - Tumblr is running
2015-05-06 13:31:14 INFO  StreamsMonitor:166 - Tumblr is running
2015-05-06 13:31:16 INFO  StreamsMonitor:166 - Tumblr is running
2015-05-06 13:31:18 INFO  StreamsMonitor:166 - Tumblr is running
2015-05-06 13:31:20 INFO  StreamsMonitor:166 - Tumblr is running
2015-05-06 13:31:22 INFO  StreamsMonitor:166 - Tumblr is running
2015-05-06 13:31:24 INFO  StreamsMonitor:166 - Tumblr is running
2015-05-06 13:31:26 INFO  StreamsMonitor:166 - Tumblr is running
2015-05-06 13:31:28 INFO  StreamsMonitor:166 - Tumblr is running
2015-05-06 13:31:30 INFO  StreamsMonitor:166 - Tumblr is running
2015-05-06 13:31:32 INFO  StreamsMonitor:166 - Tumblr is running
2015-05-06 13:31:34 INFO  StreamsMonitor:166 - Tumblr is running
2015-05-06 13:31:36 INFO  StreamsMonitor:166 - Tumblr is running
2015-05-06 13:31:38 INFO  StreamsMonitor:166 - Tumblr is running
2015-05-06 13:31:40 INFO  StreamsMonitor:166 - Tumblr is running
2015-05-06 13:31:42 INFO  StreamsMonitor:166 - Tumblr is running
2015-05-06 13:31:44 INFO  StreamsMonitor:166 - Tumblr is running
2015-05-06 13:31:46 INFO  StreamsMonitor:166 - Tumblr is running
2015-05-06 13:31:48 INFO  StreamsMonitor:166 - Tumblr is running
2015-05-06 13:31:50 INFO  StreamsMonitor:166 - Tumblr is running
2015-05-06 13:31:52 INFO  StreamsMonitor:166 - Tumblr is running
2015-05-06 13:31:53 INFO  Stream:111 - Retrieved items for Tumblr are : 589
2015-05-06 13:35:38 INFO  StreamsManager:72 - StreamsManager is open now.
2015-05-06 13:35:38 INFO  StreamsMonitor:36 - Initialize Execution Service with 1 threads.
2015-05-06 13:35:38 INFO  MongoDbStorage:53 - Open MongoDB storage <host: 127.0.0.1>
2015-05-06 13:35:38 INFO  StreamsManager:85 - Storage Manager is ready to store.
2015-05-06 13:35:38 INFO  StreamsManager:137 - Start Stream : Tumblr
2015-05-06 13:35:38 INFO  TumblrStream:32 - #Tumblr : Open stream
2015-05-06 13:35:38 INFO  StreamsMonitor:65 - Start Tumblr Fetch Task
2015-05-06 13:35:40 INFO  StreamsMonitor:161 - Submit new task in Tumblr
2015-05-06 13:35:40 INFO  StreamFetchTask:132 - Poll for gr.iti.mklab.sm.feeds.KeywordsFeed@2b3d16a
2015-05-06 13:35:44 INFO  StreamsMonitor:166 - Tumblr is running
2015-05-06 13:35:46 INFO  StreamsMonitor:166 - Tumblr is running
2015-05-06 13:35:48 INFO  StreamsMonitor:166 - Tumblr is running
2015-05-06 13:35:50 INFO  StreamsMonitor:166 - Tumblr is running
2015-05-06 13:35:52 INFO  StreamsMonitor:166 - Tumblr is running
2015-05-06 13:35:54 INFO  StreamsMonitor:166 - Tumblr is running
2015-05-06 13:35:56 INFO  StreamsMonitor:166 - Tumblr is running
2015-05-06 13:35:58 INFO  StreamsMonitor:166 - Tumblr is running
2015-05-06 13:36:00 INFO  StreamsMonitor:166 - Tumblr is running
2015-05-06 13:36:02 INFO  StreamsMonitor:166 - Tumblr is running
2015-05-06 13:36:09 INFO  StreamsMonitor:166 - Tumblr is running
2015-05-06 13:36:16 INFO  StreamsMonitor:166 - Tumblr is running
2015-05-06 13:36:42 INFO  StreamsMonitor:166 - Tumblr is running
2015-05-06 13:36:44 INFO  StreamsMonitor:166 - Tumblr is running
2015-05-06 13:36:47 INFO  Stream:111 - Retrieved items for Tumblr are : 0
2015-05-06 13:36:50 INFO  StreamsMonitor:166 - Tumblr is running
2015-05-06 13:37:18 INFO  StreamsManager:72 - StreamsManager is open now.
2015-05-06 13:37:18 INFO  StreamsMonitor:36 - Initialize Execution Service with 1 threads.
2015-05-06 13:37:18 INFO  MongoDbStorage:53 - Open MongoDB storage <host: 127.0.0.1>
2015-05-06 13:37:18 INFO  StreamsManager:85 - Storage Manager is ready to store.
2015-05-06 13:37:18 INFO  StreamsManager:137 - Start Stream : Tumblr
2015-05-06 13:37:18 INFO  TumblrStream:32 - #Tumblr : Open stream
2015-05-06 13:37:18 INFO  StreamsMonitor:65 - Start Tumblr Fetch Task
2015-05-06 13:37:20 INFO  StreamsMonitor:161 - Submit new task in Tumblr
2015-05-06 13:37:20 INFO  StreamFetchTask:132 - Poll for gr.iti.mklab.sm.feeds.KeywordsFeed@2b3d16a
2015-05-06 13:37:44 INFO  StreamsMonitor:166 - Tumblr is running
2015-05-06 13:37:44 INFO  Stream:111 - Retrieved items for Tumblr are : 0
2015-05-06 13:38:02 INFO  StreamsManager:72 - StreamsManager is open now.
2015-05-06 13:38:02 INFO  StreamsMonitor:36 - Initialize Execution Service with 1 threads.
2015-05-06 13:38:02 INFO  MongoDbStorage:53 - Open MongoDB storage <host: 127.0.0.1>
2015-05-06 13:38:02 INFO  StreamsManager:85 - Storage Manager is ready to store.
2015-05-06 13:38:02 INFO  StreamsManager:137 - Start Stream : Tumblr
2015-05-06 13:38:02 INFO  TumblrStream:32 - #Tumblr : Open stream
2015-05-06 13:38:02 INFO  StreamsMonitor:65 - Start Tumblr Fetch Task
2015-05-06 13:38:04 INFO  StreamsMonitor:161 - Submit new task in Tumblr
2015-05-06 13:38:04 INFO  StreamFetchTask:132 - Poll for gr.iti.mklab.sm.feeds.KeywordsFeed@2b3d16a
2015-05-06 13:38:05 INFO  Stream:111 - Retrieved items for Tumblr are : 0
2015-05-06 13:38:23 INFO  StreamsManager:72 - StreamsManager is open now.
2015-05-06 13:38:23 INFO  StreamsMonitor:36 - Initialize Execution Service with 1 threads.
2015-05-06 13:38:23 INFO  MongoDbStorage:53 - Open MongoDB storage <host: 127.0.0.1>
2015-05-06 13:38:23 INFO  StreamsManager:85 - Storage Manager is ready to store.
2015-05-06 13:38:23 INFO  StreamsManager:137 - Start Stream : Tumblr
2015-05-06 13:38:23 INFO  TumblrStream:32 - #Tumblr : Open stream
2015-05-06 13:38:23 INFO  StreamsMonitor:65 - Start Tumblr Fetch Task
2015-05-06 13:38:25 INFO  StreamsMonitor:161 - Submit new task in Tumblr
2015-05-06 13:38:25 INFO  StreamFetchTask:132 - Poll for gr.iti.mklab.sm.feeds.KeywordsFeed@2b3d16a
2015-05-06 13:38:27 INFO  StreamsMonitor:166 - Tumblr is running
2015-05-06 13:38:29 INFO  StreamsMonitor:166 - Tumblr is running
2015-05-06 13:38:31 INFO  StreamsMonitor:166 - Tumblr is running
2015-05-06 13:38:33 INFO  StreamsMonitor:166 - Tumblr is running
2015-05-06 13:38:35 INFO  StreamsMonitor:166 - Tumblr is running
2015-05-06 13:38:37 INFO  StreamsMonitor:166 - Tumblr is running
2015-05-06 13:38:39 INFO  StreamsMonitor:166 - Tumblr is running
2015-05-06 13:38:41 INFO  StreamsMonitor:166 - Tumblr is running
2015-05-06 13:38:43 INFO  StreamsMonitor:166 - Tumblr is running
2015-05-06 13:38:45 INFO  StreamsMonitor:166 - Tumblr is running
2015-05-06 13:38:47 INFO  StreamsMonitor:166 - Tumblr is running
2015-05-06 13:38:49 INFO  StreamsMonitor:166 - Tumblr is running
2015-05-06 13:38:51 INFO  StreamsMonitor:166 - Tumblr is running
2015-05-06 13:38:53 INFO  StreamsMonitor:166 - Tumblr is running
2015-05-06 13:38:55 INFO  StreamsMonitor:166 - Tumblr is running
2015-05-06 13:38:57 INFO  StreamsMonitor:166 - Tumblr is running
2015-05-06 13:38:59 INFO  StreamsMonitor:166 - Tumblr is running
2015-05-06 13:39:01 INFO  StreamsMonitor:166 - Tumblr is running
2015-05-06 13:39:03 INFO  StreamsMonitor:166 - Tumblr is running
2015-05-06 13:39:05 INFO  StreamsMonitor:166 - Tumblr is running
2015-05-06 13:39:07 INFO  StreamsMonitor:166 - Tumblr is running
2015-05-06 13:39:09 INFO  StreamsMonitor:166 - Tumblr is running
2015-05-06 13:39:11 INFO  StreamsMonitor:166 - Tumblr is running
2015-05-06 13:39:13 INFO  StreamsMonitor:166 - Tumblr is running
2015-05-06 13:39:15 INFO  StreamsMonitor:166 - Tumblr is running
2015-05-06 13:39:17 INFO  StreamsMonitor:166 - Tumblr is running
2015-05-06 13:39:19 INFO  StreamsMonitor:166 - Tumblr is running
2015-05-06 13:39:21 INFO  StreamsMonitor:166 - Tumblr is running
2015-05-06 13:39:23 INFO  StreamsMonitor:166 - Tumblr is running
2015-05-06 13:39:25 INFO  StreamsMonitor:166 - Tumblr is running
2015-05-06 13:39:27 INFO  StreamsMonitor:166 - Tumblr is running
2015-05-06 13:39:29 INFO  StreamsMonitor:166 - Tumblr is running
2015-05-06 13:39:31 INFO  StreamsMonitor:166 - Tumblr is running
2015-05-06 13:39:33 INFO  StreamsMonitor:166 - Tumblr is running
2015-05-06 13:39:35 INFO  StreamsMonitor:166 - Tumblr is running
2015-05-06 13:39:37 INFO  StreamsMonitor:166 - Tumblr is running
2015-05-06 13:39:39 INFO  StreamsMonitor:166 - Tumblr is running
2015-05-06 13:39:41 INFO  StreamsMonitor:166 - Tumblr is running
2015-05-06 13:39:43 INFO  StreamsMonitor:166 - Tumblr is running
2015-05-06 13:39:45 INFO  StreamsMonitor:166 - Tumblr is running
2015-05-06 13:39:47 INFO  StreamsMonitor:166 - Tumblr is running
2015-05-06 13:39:49 INFO  StreamsMonitor:166 - Tumblr is running
2015-05-06 13:39:51 INFO  StreamsMonitor:166 - Tumblr is running
2015-05-06 13:39:53 INFO  StreamsMonitor:166 - Tumblr is running
2015-05-06 13:39:55 INFO  StreamsMonitor:166 - Tumblr is running
2015-05-06 13:39:57 INFO  StreamsMonitor:166 - Tumblr is running
2015-05-06 13:39:59 INFO  StreamsMonitor:166 - Tumblr is running
2015-05-06 13:40:01 INFO  StreamsMonitor:166 - Tumblr is running
2015-05-06 13:40:03 INFO  StreamsMonitor:166 - Tumblr is running
2015-05-06 13:40:05 INFO  StreamsMonitor:166 - Tumblr is running
2015-05-06 13:40:07 INFO  StreamsMonitor:166 - Tumblr is running
2015-05-06 13:40:09 INFO  StreamsMonitor:166 - Tumblr is running
2015-05-06 13:40:11 INFO  StreamsMonitor:166 - Tumblr is running
2015-05-06 13:40:13 INFO  StreamsMonitor:166 - Tumblr is running
2015-05-06 13:40:15 INFO  StreamsMonitor:166 - Tumblr is running
2015-05-06 13:40:17 INFO  StreamsMonitor:166 - Tumblr is running
2015-05-06 13:40:19 INFO  StreamsMonitor:166 - Tumblr is running
2015-05-06 13:40:21 INFO  StreamsMonitor:166 - Tumblr is running
2015-05-06 13:40:23 INFO  StreamsMonitor:166 - Tumblr is running
2015-05-06 13:40:25 INFO  StreamsMonitor:166 - Tumblr is running
2015-05-06 13:40:27 INFO  StreamsMonitor:166 - Tumblr is running
2015-05-06 13:40:29 INFO  StreamsMonitor:166 - Tumblr is running
2015-05-06 13:40:31 INFO  StreamsMonitor:166 - Tumblr is running
2015-05-06 13:40:33 INFO  StreamsMonitor:166 - Tumblr is running
2015-05-06 13:40:35 INFO  StreamsMonitor:166 - Tumblr is running
2015-05-06 13:40:37 INFO  StreamsMonitor:166 - Tumblr is running
2015-05-06 13:40:39 INFO  StreamsMonitor:166 - Tumblr is running
2015-05-06 13:40:41 INFO  StreamsMonitor:166 - Tumblr is running
2015-05-06 13:40:43 INFO  StreamsMonitor:166 - Tumblr is running
2015-05-06 13:40:45 INFO  StreamsMonitor:166 - Tumblr is running
2015-05-06 13:40:47 INFO  StreamsMonitor:166 - Tumblr is running
2015-05-06 13:40:49 INFO  StreamsMonitor:166 - Tumblr is running
2015-05-06 13:40:51 INFO  StreamsMonitor:166 - Tumblr is running
2015-05-06 13:40:53 INFO  StreamsMonitor:166 - Tumblr is running
2015-05-06 13:40:55 INFO  StreamsMonitor:166 - Tumblr is running
2015-05-06 13:40:57 INFO  StreamsMonitor:166 - Tumblr is running
2015-05-06 13:40:59 INFO  StreamsMonitor:166 - Tumblr is running
2015-05-06 13:41:01 INFO  StreamsMonitor:166 - Tumblr is running
2015-05-06 13:41:03 INFO  StreamsMonitor:166 - Tumblr is running
2015-05-06 13:41:05 INFO  StreamsMonitor:166 - Tumblr is running
2015-05-06 13:41:07 INFO  StreamsMonitor:166 - Tumblr is running
2015-05-06 13:41:09 INFO  StreamsMonitor:166 - Tumblr is running
2015-05-06 13:41:11 INFO  StreamsMonitor:166 - Tumblr is running
2015-05-06 13:41:13 INFO  StreamsMonitor:166 - Tumblr is running
2015-05-06 13:41:15 INFO  StreamsMonitor:166 - Tumblr is running
2015-05-06 13:41:17 INFO  StreamsMonitor:166 - Tumblr is running
2015-05-06 13:41:19 INFO  StreamsMonitor:166 - Tumblr is running
2015-05-06 13:41:21 INFO  StreamsMonitor:166 - Tumblr is running
2015-05-06 13:41:23 INFO  StreamsMonitor:166 - Tumblr is running
2015-05-06 13:41:25 INFO  StreamsMonitor:166 - Tumblr is running
2015-05-06 13:41:27 INFO  StreamsMonitor:166 - Tumblr is running
2015-05-06 13:41:29 INFO  StreamsMonitor:166 - Tumblr is running
2015-05-06 13:41:31 INFO  StreamsMonitor:166 - Tumblr is running
2015-05-06 13:41:33 INFO  StreamsMonitor:166 - Tumblr is running
2015-05-06 13:41:35 INFO  StreamsMonitor:166 - Tumblr is running
2015-05-06 13:41:37 INFO  StreamsMonitor:166 - Tumblr is running
2015-05-06 13:41:39 INFO  StreamsMonitor:166 - Tumblr is running
2015-05-06 13:41:41 INFO  StreamsMonitor:166 - Tumblr is running
2015-05-06 13:41:43 INFO  StreamsMonitor:166 - Tumblr is running
2015-05-06 13:41:45 INFO  StreamsMonitor:166 - Tumblr is running
2015-05-06 13:41:47 INFO  StreamsMonitor:166 - Tumblr is running
2015-05-06 13:41:49 INFO  StreamsMonitor:166 - Tumblr is running
2015-05-06 13:41:51 INFO  StreamsMonitor:166 - Tumblr is running
2015-05-06 13:41:53 INFO  StreamsMonitor:166 - Tumblr is running
2015-05-06 13:41:55 INFO  StreamsMonitor:166 - Tumblr is running
2015-05-06 13:41:57 INFO  StreamsMonitor:166 - Tumblr is running
2015-05-06 13:41:59 INFO  StreamsMonitor:166 - Tumblr is running
2015-05-06 13:42:02 INFO  StreamsMonitor:166 - Tumblr is running
2015-05-06 13:42:04 INFO  StreamsMonitor:166 - Tumblr is running
2015-05-06 13:42:06 INFO  StreamsMonitor:166 - Tumblr is running
2015-05-06 13:42:08 INFO  StreamsMonitor:166 - Tumblr is running
2015-05-06 13:42:10 INFO  StreamsMonitor:166 - Tumblr is running
2015-05-06 13:42:12 INFO  StreamsMonitor:166 - Tumblr is running
2015-05-06 13:42:14 INFO  StreamsMonitor:166 - Tumblr is running
2015-05-06 13:42:16 INFO  StreamsMonitor:166 - Tumblr is running
2015-05-06 13:42:18 INFO  StreamsMonitor:166 - Tumblr is running
2015-05-06 13:42:20 INFO  StreamsMonitor:166 - Tumblr is running
2015-05-06 13:42:22 INFO  StreamsMonitor:166 - Tumblr is running
2015-05-06 13:42:24 INFO  StreamsMonitor:166 - Tumblr is running
2015-05-06 13:42:26 INFO  StreamsMonitor:166 - Tumblr is running
2015-05-06 13:42:28 INFO  StreamsMonitor:166 - Tumblr is running
2015-05-06 13:42:30 INFO  StreamsMonitor:166 - Tumblr is running
2015-05-06 13:42:32 INFO  StreamsMonitor:166 - Tumblr is running
2015-05-06 13:42:34 INFO  StreamsMonitor:166 - Tumblr is running
2015-05-06 13:42:36 INFO  StreamsMonitor:166 - Tumblr is running
2015-05-06 13:42:38 INFO  StreamsMonitor:166 - Tumblr is running
2015-05-06 13:42:40 INFO  StreamsMonitor:166 - Tumblr is running
2015-05-06 13:42:42 INFO  StreamsMonitor:166 - Tumblr is running
2015-05-06 13:42:44 INFO  StreamsMonitor:166 - Tumblr is running
2015-05-06 13:42:46 INFO  StreamsMonitor:166 - Tumblr is running
2015-05-06 13:42:48 INFO  StreamsMonitor:166 - Tumblr is running
2015-05-06 13:42:50 INFO  StreamsMonitor:166 - Tumblr is running
2015-05-06 13:42:52 INFO  StreamsMonitor:166 - Tumblr is running
2015-05-06 13:42:54 INFO  StreamsMonitor:166 - Tumblr is running
2015-05-06 13:42:56 INFO  StreamsMonitor:166 - Tumblr is running
2015-05-06 13:42:58 INFO  StreamsMonitor:166 - Tumblr is running
2015-05-06 13:43:00 INFO  StreamsMonitor:166 - Tumblr is running
2015-05-06 13:43:02 INFO  StreamsMonitor:166 - Tumblr is running
2015-05-06 13:43:04 INFO  StreamsMonitor:166 - Tumblr is running
2015-05-06 13:43:06 INFO  StreamsMonitor:166 - Tumblr is running
2015-05-06 13:43:08 INFO  StreamsMonitor:166 - Tumblr is running
2015-05-06 13:43:10 INFO  StreamsMonitor:166 - Tumblr is running
2015-05-06 13:43:12 INFO  StreamsMonitor:166 - Tumblr is running
2015-05-06 13:43:14 INFO  StreamsMonitor:166 - Tumblr is running
2015-05-06 13:43:16 INFO  StreamsMonitor:166 - Tumblr is running
2015-05-06 13:43:18 INFO  StreamsMonitor:166 - Tumblr is running
2015-05-06 13:43:20 INFO  StreamsMonitor:166 - Tumblr is running
2015-05-06 13:43:22 INFO  StreamsMonitor:166 - Tumblr is running
2015-05-06 13:43:24 INFO  StreamsMonitor:166 - Tumblr is running
2015-05-06 13:43:26 INFO  StreamsMonitor:166 - Tumblr is running
2015-05-06 13:43:28 INFO  StreamsMonitor:166 - Tumblr is running
2015-05-06 13:43:30 INFO  StreamsMonitor:166 - Tumblr is running
2015-05-06 13:43:32 INFO  StreamsMonitor:166 - Tumblr is running
2015-05-06 13:43:34 INFO  StreamsMonitor:166 - Tumblr is running
2015-05-06 13:43:36 INFO  StreamsMonitor:166 - Tumblr is running
2015-05-06 13:43:38 INFO  StreamsMonitor:166 - Tumblr is running
2015-05-06 13:43:40 INFO  StreamsMonitor:166 - Tumblr is running
2015-05-06 13:43:42 INFO  StreamsMonitor:166 - Tumblr is running
2015-05-06 13:43:44 INFO  StreamsMonitor:166 - Tumblr is running
2015-05-06 13:43:46 INFO  StreamsMonitor:166 - Tumblr is running
2015-05-06 13:43:48 INFO  StreamsMonitor:166 - Tumblr is running
2015-05-06 13:43:50 INFO  StreamsMonitor:166 - Tumblr is running
2015-05-06 13:43:52 INFO  StreamsMonitor:166 - Tumblr is running
2015-05-06 13:43:54 INFO  StreamsMonitor:166 - Tumblr is running
2015-05-06 13:43:56 INFO  StreamsMonitor:166 - Tumblr is running
2015-05-06 13:43:58 INFO  StreamsMonitor:166 - Tumblr is running
2015-05-06 13:44:00 INFO  StreamsMonitor:166 - Tumblr is running
2015-05-06 13:44:02 INFO  StreamsMonitor:166 - Tumblr is running
2015-05-06 13:44:04 INFO  StreamsMonitor:166 - Tumblr is running
2015-05-06 13:44:06 INFO  StreamsMonitor:166 - Tumblr is running
2015-05-06 13:44:08 INFO  StreamsMonitor:166 - Tumblr is running
2015-05-06 13:44:10 INFO  StreamsMonitor:166 - Tumblr is running
2015-05-06 13:44:12 INFO  StreamsMonitor:166 - Tumblr is running
2015-05-06 13:44:14 INFO  StreamsMonitor:166 - Tumblr is running
2015-05-06 13:44:16 INFO  StreamsMonitor:166 - Tumblr is running
2015-05-06 13:44:18 INFO  StreamsMonitor:166 - Tumblr is running
2015-05-06 13:44:20 INFO  StreamsMonitor:166 - Tumblr is running
2015-05-06 13:44:22 INFO  StreamsMonitor:166 - Tumblr is running
2015-05-06 13:44:33 INFO  StreamsManager:72 - StreamsManager is open now.
2015-05-06 13:44:33 INFO  StreamsMonitor:36 - Initialize Execution Service with 1 threads.
2015-05-06 13:44:33 INFO  MongoDbStorage:53 - Open MongoDB storage <host: 127.0.0.1>
2015-05-06 13:44:33 INFO  StreamsManager:85 - Storage Manager is ready to store.
2015-05-06 13:44:33 INFO  StreamsManager:137 - Start Stream : Tumblr
2015-05-06 13:44:33 INFO  TumblrStream:32 - #Tumblr : Open stream
2015-05-06 13:44:33 INFO  StreamsMonitor:65 - Start Tumblr Fetch Task
2015-05-06 13:44:35 INFO  StreamsMonitor:161 - Submit new task in Tumblr
2015-05-06 13:44:35 INFO  StreamFetchTask:132 - Poll for gr.iti.mklab.sm.feeds.KeywordsFeed@2b3d16a
2015-05-06 13:44:37 INFO  StreamsMonitor:166 - Tumblr is running
2015-05-06 13:44:39 INFO  StreamsMonitor:166 - Tumblr is running
2015-05-06 13:44:41 INFO  StreamsMonitor:166 - Tumblr is running
2015-05-06 13:44:43 INFO  StreamsMonitor:166 - Tumblr is running
2015-05-06 13:44:45 INFO  StreamsMonitor:166 - Tumblr is running
2015-05-06 13:44:47 INFO  StreamsMonitor:166 - Tumblr is running
2015-05-06 13:44:49 INFO  StreamsMonitor:166 - Tumblr is running
2015-05-06 13:44:51 INFO  StreamsMonitor:166 - Tumblr is running
2015-05-06 13:44:53 INFO  StreamsMonitor:166 - Tumblr is running
2015-05-06 13:44:55 INFO  StreamsMonitor:166 - Tumblr is running
2015-05-06 13:44:57 INFO  StreamsMonitor:166 - Tumblr is running
2015-05-06 13:45:05 INFO  StreamsMonitor:166 - Tumblr is running
2015-05-06 13:45:05 INFO  Stream:111 - Retrieved items for Tumblr are : 0
2015-05-06 13:45:17 INFO  StreamsManager:72 - StreamsManager is open now.
2015-05-06 13:45:17 INFO  StreamsMonitor:36 - Initialize Execution Service with 1 threads.
2015-05-06 13:45:17 INFO  MongoDbStorage:53 - Open MongoDB storage <host: 127.0.0.1>
2015-05-06 13:45:18 INFO  StreamsManager:85 - Storage Manager is ready to store.
2015-05-06 13:45:18 INFO  StreamsManager:137 - Start Stream : Tumblr
2015-05-06 13:45:18 INFO  TumblrStream:32 - #Tumblr : Open stream
2015-05-06 13:45:18 INFO  StreamsMonitor:65 - Start Tumblr Fetch Task
2015-05-06 13:45:20 INFO  StreamsMonitor:161 - Submit new task in Tumblr
2015-05-06 13:45:20 INFO  StreamFetchTask:132 - Poll for gr.iti.mklab.sm.feeds.KeywordsFeed@2b3d16a
2015-05-06 13:45:22 INFO  StreamsMonitor:166 - Tumblr is running
2015-05-06 13:45:24 INFO  StreamsMonitor:166 - Tumblr is running
2015-05-06 13:45:26 INFO  StreamsMonitor:166 - Tumblr is running
2015-05-06 13:45:28 INFO  StreamsMonitor:166 - Tumblr is running
2015-05-06 13:45:30 INFO  StreamsMonitor:166 - Tumblr is running
2015-05-06 13:45:32 INFO  StreamsMonitor:166 - Tumblr is running
2015-05-06 13:45:34 INFO  StreamsMonitor:166 - Tumblr is running
2015-05-06 13:45:36 INFO  StreamsMonitor:166 - Tumblr is running
2015-05-06 13:45:38 INFO  StreamsMonitor:166 - Tumblr is running
2015-05-06 13:45:40 INFO  StreamsMonitor:166 - Tumblr is running
2015-05-06 13:45:42 INFO  StreamsMonitor:166 - Tumblr is running
2015-05-06 13:45:44 INFO  StreamsMonitor:166 - Tumblr is running
2015-05-06 13:45:46 INFO  StreamsMonitor:166 - Tumblr is running
2015-05-06 13:45:48 INFO  StreamsMonitor:166 - Tumblr is running
2015-05-06 13:45:50 INFO  StreamsMonitor:166 - Tumblr is running
2015-05-06 13:45:52 INFO  StreamsMonitor:166 - Tumblr is running
2015-05-06 13:45:54 INFO  StreamsMonitor:166 - Tumblr is running
2015-05-06 13:45:56 INFO  StreamsMonitor:166 - Tumblr is running
2015-05-06 13:45:58 INFO  StreamsMonitor:166 - Tumblr is running
2015-05-06 13:46:00 INFO  StreamsMonitor:166 - Tumblr is running
2015-05-06 13:46:02 INFO  StreamsMonitor:166 - Tumblr is running
2015-05-06 13:46:04 INFO  StreamsMonitor:166 - Tumblr is running
2015-05-06 13:46:06 INFO  StreamsMonitor:166 - Tumblr is running
2015-05-06 13:46:08 INFO  StreamsMonitor:166 - Tumblr is running
2015-05-06 13:46:10 INFO  StreamsMonitor:166 - Tumblr is running
2015-05-06 13:46:12 INFO  StreamsMonitor:166 - Tumblr is running
2015-05-06 13:46:14 INFO  StreamsMonitor:166 - Tumblr is running
2015-05-06 13:46:16 INFO  StreamsMonitor:166 - Tumblr is running
2015-05-06 13:46:18 INFO  StreamsMonitor:166 - Tumblr is running
2015-05-06 13:46:20 INFO  StreamsMonitor:166 - Tumblr is running
2015-05-06 13:46:22 INFO  StreamsMonitor:166 - Tumblr is running
2015-05-06 13:46:24 INFO  StreamsMonitor:166 - Tumblr is running
2015-05-06 13:46:26 INFO  StreamsMonitor:166 - Tumblr is running
2015-05-06 13:46:28 INFO  StreamsMonitor:166 - Tumblr is running
2015-05-06 13:46:30 INFO  StreamsMonitor:166 - Tumblr is running
2015-05-06 13:46:32 INFO  StreamsMonitor:166 - Tumblr is running
2015-05-06 13:46:34 INFO  StreamsMonitor:166 - Tumblr is running
2015-05-06 13:46:36 INFO  StreamsMonitor:166 - Tumblr is running
2015-05-06 13:46:38 INFO  StreamsMonitor:166 - Tumblr is running
2015-05-06 13:46:40 INFO  StreamsMonitor:166 - Tumblr is running
2015-05-06 13:46:42 INFO  StreamsMonitor:166 - Tumblr is running
2015-05-06 13:46:44 INFO  StreamsMonitor:166 - Tumblr is running
2015-05-06 13:46:46 INFO  StreamsMonitor:166 - Tumblr is running
2015-05-06 13:46:48 INFO  StreamsMonitor:166 - Tumblr is running
2015-05-06 13:46:50 INFO  StreamsMonitor:166 - Tumblr is running
2015-05-06 13:46:52 INFO  StreamsMonitor:166 - Tumblr is running
2015-05-06 13:46:54 INFO  StreamsMonitor:166 - Tumblr is running
2015-05-06 13:46:56 INFO  StreamsMonitor:166 - Tumblr is running
2015-05-06 13:46:58 INFO  StreamsMonitor:166 - Tumblr is running
2015-05-06 13:47:00 INFO  StreamsMonitor:166 - Tumblr is running
2015-05-06 13:47:02 INFO  StreamsMonitor:166 - Tumblr is running
2015-05-06 13:47:04 INFO  StreamsMonitor:166 - Tumblr is running
2015-05-06 13:47:06 INFO  StreamsMonitor:166 - Tumblr is running
2015-05-06 13:47:08 INFO  StreamsMonitor:166 - Tumblr is running
2015-05-06 13:47:10 INFO  StreamsMonitor:166 - Tumblr is running
2015-05-06 13:47:12 INFO  StreamsMonitor:166 - Tumblr is running
2015-05-06 13:47:14 INFO  StreamsMonitor:166 - Tumblr is running
2015-05-06 13:47:22 INFO  StreamsMonitor:166 - Tumblr is running
2015-05-06 13:49:10 INFO  StreamsManager:72 - StreamsManager is open now.
2015-05-06 13:49:10 INFO  StreamsMonitor:36 - Initialize Execution Service with 1 threads.
2015-05-06 13:49:10 INFO  MongoDbStorage:53 - Open MongoDB storage <host: 127.0.0.1>
2015-05-06 13:49:10 INFO  StreamsManager:85 - Storage Manager is ready to store.
2015-05-06 13:49:10 INFO  StreamsManager:137 - Start Stream : Tumblr
2015-05-06 13:49:10 INFO  TumblrStream:32 - #Tumblr : Open stream
2015-05-06 13:49:10 INFO  StreamsMonitor:65 - Start Tumblr Fetch Task
2015-05-06 13:49:12 INFO  StreamsMonitor:161 - Submit new task in Tumblr
2015-05-06 13:49:12 INFO  StreamFetchTask:132 - Poll for gr.iti.mklab.sm.feeds.KeywordsFeed@2b3d16a
2015-05-06 13:49:14 INFO  StreamsMonitor:166 - Tumblr is running
2015-05-06 13:49:16 INFO  StreamsMonitor:166 - Tumblr is running
2015-05-06 13:49:18 INFO  StreamsMonitor:166 - Tumblr is running
2015-05-06 13:49:20 INFO  StreamsMonitor:166 - Tumblr is running
2015-05-06 13:49:22 INFO  StreamsMonitor:166 - Tumblr is running
2015-05-06 13:49:24 INFO  StreamsMonitor:166 - Tumblr is running
2015-05-06 13:49:26 INFO  StreamsMonitor:166 - Tumblr is running
2015-05-06 13:49:28 INFO  StreamsMonitor:166 - Tumblr is running
2015-05-06 13:49:30 INFO  StreamsMonitor:166 - Tumblr is running
2015-05-06 13:49:32 INFO  StreamsMonitor:166 - Tumblr is running
2015-05-06 13:49:34 INFO  StreamsMonitor:166 - Tumblr is running
2015-05-06 13:49:36 INFO  StreamsMonitor:166 - Tumblr is running
2015-05-06 13:49:38 INFO  StreamsMonitor:166 - Tumblr is running
2015-05-06 13:49:40 INFO  StreamsMonitor:166 - Tumblr is running
2015-05-06 13:49:42 INFO  StreamsMonitor:166 - Tumblr is running
2015-05-06 13:49:44 INFO  StreamsMonitor:166 - Tumblr is running
2015-05-06 13:49:46 INFO  StreamsMonitor:166 - Tumblr is running
2015-05-06 13:49:48 INFO  StreamsMonitor:166 - Tumblr is running
2015-05-06 13:49:50 INFO  StreamsMonitor:166 - Tumblr is running
2015-05-06 13:49:52 INFO  StreamsMonitor:166 - Tumblr is running
2015-05-06 13:49:54 INFO  StreamsMonitor:166 - Tumblr is running
2015-05-06 13:49:56 INFO  StreamsMonitor:166 - Tumblr is running
2015-05-06 13:49:58 INFO  StreamsMonitor:166 - Tumblr is running
2015-05-06 13:50:00 INFO  StreamsMonitor:166 - Tumblr is running
2015-05-06 13:50:02 INFO  StreamsMonitor:166 - Tumblr is running
2015-05-06 13:50:04 INFO  StreamsMonitor:166 - Tumblr is running
2015-05-06 13:50:06 INFO  StreamsMonitor:166 - Tumblr is running
2015-05-06 13:50:08 INFO  StreamsMonitor:166 - Tumblr is running
2015-05-06 13:50:10 INFO  StreamsMonitor:166 - Tumblr is running
2015-05-06 13:50:12 INFO  StreamsMonitor:166 - Tumblr is running
2015-05-06 13:50:14 INFO  StreamsMonitor:166 - Tumblr is running
2015-05-06 13:50:16 INFO  StreamsMonitor:166 - Tumblr is running
2015-05-06 13:50:18 INFO  StreamsMonitor:166 - Tumblr is running
2015-05-06 13:50:20 INFO  StreamsMonitor:166 - Tumblr is running
2015-05-06 13:50:22 INFO  StreamsMonitor:166 - Tumblr is running
2015-05-06 13:50:24 INFO  StreamsMonitor:166 - Tumblr is running
2015-05-06 13:50:26 INFO  StreamsMonitor:166 - Tumblr is running
2015-05-06 13:50:28 INFO  StreamsMonitor:166 - Tumblr is running
2015-05-06 13:50:30 INFO  StreamsMonitor:166 - Tumblr is running
2015-05-06 13:50:32 INFO  StreamsMonitor:166 - Tumblr is running
2015-05-06 13:50:34 INFO  StreamsMonitor:166 - Tumblr is running
2015-05-06 13:50:36 INFO  StreamsMonitor:166 - Tumblr is running
2015-05-06 13:50:38 INFO  StreamsMonitor:166 - Tumblr is running
2015-05-06 13:50:40 INFO  StreamsMonitor:166 - Tumblr is running
2015-05-06 13:50:42 INFO  StreamsMonitor:166 - Tumblr is running
2015-05-06 13:50:44 INFO  StreamsMonitor:166 - Tumblr is running
2015-05-06 13:50:46 INFO  StreamsMonitor:166 - Tumblr is running
2015-05-06 13:50:48 INFO  StreamsMonitor:166 - Tumblr is running
2015-05-06 13:50:50 INFO  StreamsMonitor:166 - Tumblr is running
2015-05-06 13:50:52 INFO  StreamsMonitor:166 - Tumblr is running
2015-05-06 13:50:54 INFO  StreamsMonitor:166 - Tumblr is running
2015-05-06 13:50:56 INFO  StreamsMonitor:166 - Tumblr is running
2015-05-06 13:50:58 INFO  StreamsMonitor:166 - Tumblr is running
2015-05-06 13:51:00 INFO  StreamsMonitor:166 - Tumblr is running
2015-05-06 13:51:02 INFO  StreamsMonitor:166 - Tumblr is running
2015-05-06 13:51:04 INFO  StreamsMonitor:166 - Tumblr is running
2015-05-06 13:51:06 INFO  StreamsMonitor:166 - Tumblr is running
2015-05-06 13:51:08 INFO  StreamsMonitor:166 - Tumblr is running
2015-05-06 13:51:10 INFO  StreamsMonitor:166 - Tumblr is running
2015-05-06 13:51:12 INFO  StreamsMonitor:166 - Tumblr is running
2015-05-06 13:51:14 INFO  StreamsMonitor:166 - Tumblr is running
2015-05-06 13:51:16 INFO  StreamsMonitor:166 - Tumblr is running
2015-05-06 13:51:18 INFO  StreamsMonitor:166 - Tumblr is running
2015-05-06 13:51:20 INFO  StreamsMonitor:166 - Tumblr is running
2015-05-06 13:51:22 INFO  StreamsMonitor:166 - Tumblr is running
2015-05-06 13:51:24 INFO  StreamsMonitor:166 - Tumblr is running
2015-05-06 13:51:26 INFO  StreamsMonitor:166 - Tumblr is running
2015-05-06 13:51:28 INFO  StreamsMonitor:166 - Tumblr is running
2015-05-06 13:51:30 INFO  StreamsMonitor:166 - Tumblr is running
2015-05-06 13:51:32 INFO  StreamsMonitor:166 - Tumblr is running
2015-05-06 13:51:34 INFO  StreamsMonitor:166 - Tumblr is running
2015-05-06 13:51:36 INFO  StreamsMonitor:166 - Tumblr is running
2015-05-06 13:51:38 INFO  StreamsMonitor:166 - Tumblr is running
2015-05-06 13:51:40 INFO  StreamsMonitor:166 - Tumblr is running
2015-05-06 13:51:42 INFO  StreamsMonitor:166 - Tumblr is running
2015-05-06 13:51:44 INFO  StreamsMonitor:166 - Tumblr is running
2015-05-06 13:51:46 INFO  StreamsMonitor:166 - Tumblr is running
2015-05-06 13:51:48 INFO  StreamsMonitor:166 - Tumblr is running
2015-05-06 13:51:50 INFO  StreamsMonitor:166 - Tumblr is running
2015-05-06 13:51:52 INFO  StreamsMonitor:166 - Tumblr is running
2015-05-06 13:51:54 INFO  StreamsMonitor:166 - Tumblr is running
2015-05-06 13:51:56 INFO  StreamsMonitor:166 - Tumblr is running
2015-05-06 13:51:56 INFO  Stream:111 - Retrieved items for Tumblr are : 248
2015-05-06 13:57:31 INFO  StreamsManager:72 - StreamsManager is open now.
2015-05-06 13:57:31 INFO  StreamsMonitor:36 - Initialize Execution Service with 5 threads.
2015-05-06 13:57:31 INFO  MongoDbStorage:53 - Open MongoDB storage <host: 127.0.0.1>
2015-05-06 13:57:31 INFO  StreamsManager:85 - Storage Manager is ready to store.
2015-05-06 13:57:31 INFO  StreamsManager:137 - Start Stream : Flickr
2015-05-06 13:57:31 INFO  FlickrStream:33 - #Flickr : Open stream
2015-05-06 13:57:31 INFO  StreamsMonitor:65 - Start Flickr Fetch Task
2015-05-06 13:57:31 INFO  StreamsManager:137 - Start Stream : Tumblr
2015-05-06 13:57:31 INFO  TumblrStream:32 - #Tumblr : Open stream
2015-05-06 13:57:31 INFO  StreamsMonitor:65 - Start Tumblr Fetch Task
2015-05-06 13:57:31 INFO  StreamsManager:137 - Start Stream : Youtube
2015-05-06 13:57:31 INFO  YoutubeStream:37 - #YouTube : Open stream
2015-05-06 13:57:31 INFO  StreamsMonitor:65 - Start YouTube Fetch Task
2015-05-06 13:57:31 INFO  StreamsManager:137 - Start Stream : Twitter
2015-05-06 13:57:31 INFO  TwitterStream:30 - #Twitter : Open stream
2015-05-06 13:57:31 INFO  TwitterStream:48 - Initialize Twitter Retriever for REST api
2015-05-06 13:57:32 INFO  StreamsMonitor:65 - Start Twitter Fetch Task
2015-05-06 13:57:32 INFO  StreamsManager:137 - Start Stream : Instagram
2015-05-06 13:57:32 INFO  InstagramStream:31 - #Instagram : Open stream
2015-05-06 13:57:32 INFO  StreamsMonitor:65 - Start Instagram Fetch Task
2015-05-06 13:57:34 INFO  StreamsMonitor:161 - Submit new task in Flickr
2015-05-06 13:57:34 INFO  StreamsMonitor:161 - Submit new task in Tumblr
2015-05-06 13:57:34 INFO  StreamFetchTask:132 - Poll for gr.iti.mklab.sm.feeds.KeywordsFeed@71858895
2015-05-06 13:57:34 INFO  StreamFetchTask:132 - Poll for gr.iti.mklab.sm.feeds.KeywordsFeed@2b3d16a
2015-05-06 13:57:34 INFO  StreamsMonitor:161 - Submit new task in Twitter
2015-05-06 13:57:34 INFO  StreamsMonitor:161 - Submit new task in Instagram
2015-05-06 13:57:34 INFO  StreamFetchTask:132 - Poll for gr.iti.mklab.sm.feeds.KeywordsFeed@6f12fe01
2015-05-06 13:57:34 INFO  StreamFetchTask:132 - Poll for gr.iti.mklab.sm.feeds.KeywordsFeed@daff8f80
2015-05-06 13:57:34 INFO  StreamsMonitor:161 - Submit new task in YouTube
2015-05-06 13:57:34 INFO  StreamFetchTask:132 - Poll for gr.iti.mklab.sm.feeds.KeywordsFeed@903712b1
2015-05-06 13:57:34 INFO  TwitterRetriever:178 - Query String: xanthi
2015-05-06 13:57:35 INFO  Stream:111 - Retrieved items for YouTube are : 25
2015-05-06 13:57:36 INFO  StreamsMonitor:166 - Flickr is running
2015-05-06 13:57:36 INFO  StreamsMonitor:166 - Tumblr is running
2015-05-06 13:57:36 INFO  StreamsMonitor:166 - Twitter is running
2015-05-06 13:57:36 INFO  StreamsMonitor:166 - Instagram is running
2015-05-06 13:57:36 ERROR Stream:107 - Exception for feed Flickr#1 of type class gr.iti.mklab.sm.feeds.KeywordsFeed
2015-05-06 13:57:36 INFO  Stream:111 - Retrieved items for Flickr are : 0
2015-05-06 13:57:38 INFO  StreamsMonitor:166 - Tumblr is running
2015-05-06 13:57:38 INFO  StreamsMonitor:166 - Twitter is running
2015-05-06 13:57:38 INFO  StreamsMonitor:166 - Instagram is running
2015-05-06 13:57:40 INFO  StreamsMonitor:166 - Tumblr is running
2015-05-06 13:57:40 INFO  StreamsMonitor:166 - Twitter is running
2015-05-06 13:57:40 INFO  StreamsMonitor:166 - Instagram is running
2015-05-06 13:57:42 INFO  StreamsMonitor:166 - Tumblr is running
2015-05-06 13:57:42 INFO  StreamsMonitor:166 - Twitter is running
2015-05-06 13:57:42 INFO  StreamsMonitor:166 - Instagram is running
2015-05-06 13:57:44 INFO  StreamsMonitor:166 - Tumblr is running
2015-05-06 13:57:44 INFO  StreamsMonitor:166 - Twitter is running
2015-05-06 13:57:44 INFO  StreamsMonitor:166 - Instagram is running
2015-05-06 13:57:46 INFO  StreamsMonitor:166 - Tumblr is running
2015-05-06 13:57:46 INFO  StreamsMonitor:166 - Twitter is running
2015-05-06 13:57:46 INFO  StreamsMonitor:166 - Instagram is running
2015-05-06 13:57:48 INFO  StreamsMonitor:166 - Tumblr is running
2015-05-06 13:57:48 INFO  StreamsMonitor:166 - Twitter is running
2015-05-06 13:57:48 INFO  StreamsMonitor:166 - Instagram is running
2015-05-06 13:57:50 INFO  StreamsMonitor:166 - Tumblr is running
2015-05-06 13:57:50 INFO  StreamsMonitor:166 - Twitter is running
2015-05-06 13:57:50 INFO  StreamsMonitor:166 - Instagram is running
2015-05-06 13:57:52 INFO  StreamsMonitor:166 - Tumblr is running
2015-05-06 13:57:52 INFO  StreamsMonitor:166 - Twitter is running
2015-05-06 13:57:52 INFO  StreamsMonitor:166 - Instagram is running
2015-05-06 13:57:54 INFO  StreamsMonitor:166 - Tumblr is running
2015-05-06 13:57:54 INFO  StreamsMonitor:166 - Twitter is running
2015-05-06 13:57:54 INFO  StreamsMonitor:166 - Instagram is running
2015-05-06 13:57:56 INFO  StreamsMonitor:166 - Tumblr is running
2015-05-06 13:57:56 INFO  StreamsMonitor:166 - Twitter is running
2015-05-06 13:57:56 INFO  StreamsMonitor:166 - Instagram is running
2015-05-06 13:57:58 INFO  StreamsMonitor:166 - Tumblr is running
2015-05-06 13:57:58 INFO  StreamsMonitor:166 - Twitter is running
2015-05-06 13:57:58 INFO  StreamsMonitor:166 - Instagram is running
2015-05-06 13:58:47 INFO  StreamsManager:72 - StreamsManager is open now.
2015-05-06 13:58:47 INFO  StreamsMonitor:36 - Initialize Execution Service with 5 threads.
2015-05-06 13:58:47 INFO  MongoDbStorage:53 - Open MongoDB storage <host: 127.0.0.1>
2015-05-06 13:58:47 INFO  StreamsManager:85 - Storage Manager is ready to store.
2015-05-06 13:58:47 INFO  StreamsManager:137 - Start Stream : Flickr
2015-05-06 13:58:47 INFO  FlickrStream:33 - #Flickr : Open stream
2015-05-06 13:58:47 INFO  StreamsMonitor:65 - Start Flickr Fetch Task
2015-05-06 13:58:47 INFO  StreamsManager:137 - Start Stream : Tumblr
2015-05-06 13:58:47 INFO  TumblrStream:32 - #Tumblr : Open stream
2015-05-06 13:58:47 INFO  StreamsMonitor:65 - Start Tumblr Fetch Task
2015-05-06 13:58:47 INFO  StreamsManager:137 - Start Stream : Youtube
2015-05-06 13:58:47 INFO  YoutubeStream:37 - #YouTube : Open stream
2015-05-06 13:58:47 INFO  StreamsMonitor:65 - Start YouTube Fetch Task
2015-05-06 13:58:47 INFO  StreamsManager:137 - Start Stream : Twitter
2015-05-06 13:58:47 INFO  TwitterStream:30 - #Twitter : Open stream
2015-05-06 13:58:47 INFO  TwitterStream:48 - Initialize Twitter Retriever for REST api
2015-05-06 13:58:47 INFO  StreamsMonitor:65 - Start Twitter Fetch Task
2015-05-06 13:58:47 INFO  StreamsManager:137 - Start Stream : Instagram
2015-05-06 13:58:47 INFO  InstagramStream:31 - #Instagram : Open stream
2015-05-06 13:58:47 INFO  StreamsMonitor:65 - Start Instagram Fetch Task
2015-05-06 13:58:49 INFO  StreamsMonitor:161 - Submit new task in Flickr
2015-05-06 13:58:49 INFO  StreamsMonitor:161 - Submit new task in Tumblr
2015-05-06 13:58:49 INFO  StreamFetchTask:132 - Poll for gr.iti.mklab.sm.feeds.KeywordsFeed@71858895
2015-05-06 13:58:49 INFO  StreamsMonitor:161 - Submit new task in Twitter
2015-05-06 13:58:49 INFO  StreamFetchTask:132 - Poll for gr.iti.mklab.sm.feeds.KeywordsFeed@2b3d16a
2015-05-06 13:58:49 INFO  StreamFetchTask:132 - Poll for gr.iti.mklab.sm.feeds.KeywordsFeed@6f12fe01
2015-05-06 13:58:49 INFO  StreamsMonitor:161 - Submit new task in Instagram
2015-05-06 13:58:49 INFO  StreamsMonitor:161 - Submit new task in YouTube
2015-05-06 13:58:49 INFO  StreamFetchTask:132 - Poll for gr.iti.mklab.sm.feeds.KeywordsFeed@daff8f80
2015-05-06 13:58:49 INFO  StreamFetchTask:132 - Poll for gr.iti.mklab.sm.feeds.KeywordsFeed@903712b1
2015-05-06 13:58:49 INFO  TwitterRetriever:178 - Query String: xanthi
2015-05-06 13:58:50 INFO  Stream:111 - Retrieved items for YouTube are : 25
2015-05-06 13:58:51 INFO  StreamsMonitor:166 - Flickr is running
2015-05-06 13:58:51 INFO  StreamsMonitor:166 - Tumblr is running
2015-05-06 13:58:51 INFO  StreamsMonitor:166 - Twitter is running
2015-05-06 13:58:51 INFO  StreamsMonitor:166 - Instagram is running
2015-05-06 13:58:53 INFO  StreamsMonitor:166 - Flickr is running
2015-05-06 13:58:53 INFO  StreamsMonitor:166 - Tumblr is running
2015-05-06 13:58:53 INFO  StreamsMonitor:166 - Twitter is running
2015-05-06 13:58:53 INFO  StreamsMonitor:166 - Instagram is running
2015-05-06 13:58:55 INFO  StreamsMonitor:166 - Flickr is running
2015-05-06 13:58:55 INFO  StreamsMonitor:166 - Tumblr is running
2015-05-06 13:58:55 INFO  StreamsMonitor:166 - Twitter is running
2015-05-06 13:58:55 INFO  StreamsMonitor:166 - Instagram is running
2015-05-06 13:58:57 INFO  StreamsMonitor:166 - Flickr is running
2015-05-06 13:58:57 INFO  StreamsMonitor:166 - Tumblr is running
2015-05-06 13:58:57 INFO  StreamsMonitor:166 - Twitter is running
2015-05-06 13:58:57 INFO  StreamsMonitor:166 - Instagram is running
2015-05-06 13:58:58 INFO  Stream:111 - Retrieved items for Flickr are : 31
2015-05-06 13:58:59 INFO  StreamsMonitor:166 - Tumblr is running
2015-05-06 13:58:59 INFO  StreamsMonitor:166 - Twitter is running
2015-05-06 13:58:59 INFO  StreamsMonitor:166 - Instagram is running
2015-05-06 13:59:01 INFO  StreamsMonitor:166 - Tumblr is running
2015-05-06 13:59:01 INFO  StreamsMonitor:166 - Twitter is running
2015-05-06 13:59:01 INFO  StreamsMonitor:166 - Instagram is running
2015-05-06 13:59:03 INFO  StreamsMonitor:166 - Tumblr is running
2015-05-06 13:59:03 INFO  StreamsMonitor:166 - Twitter is running
2015-05-06 13:59:03 INFO  StreamsMonitor:166 - Instagram is running
2015-05-06 13:59:05 INFO  StreamsMonitor:166 - Tumblr is running
2015-05-06 13:59:05 INFO  StreamsMonitor:166 - Twitter is running
2015-05-06 13:59:05 INFO  StreamsMonitor:166 - Instagram is running
2015-05-06 13:59:07 INFO  StreamsMonitor:166 - Tumblr is running
2015-05-06 13:59:07 INFO  StreamsMonitor:166 - Twitter is running
2015-05-06 13:59:07 INFO  StreamsMonitor:166 - Instagram is running
2015-05-06 13:59:09 INFO  StreamsMonitor:166 - Tumblr is running
2015-05-06 13:59:09 INFO  StreamsMonitor:166 - Twitter is running
2015-05-06 13:59:09 INFO  StreamsMonitor:166 - Instagram is running
2015-05-06 13:59:11 INFO  StreamsMonitor:166 - Tumblr is running
2015-05-06 13:59:11 INFO  StreamsMonitor:166 - Twitter is running
2015-05-06 13:59:11 INFO  StreamsMonitor:166 - Instagram is running
2015-05-06 13:59:13 INFO  StreamsMonitor:166 - Tumblr is running
2015-05-06 13:59:13 INFO  StreamsMonitor:166 - Twitter is running
2015-05-06 13:59:13 INFO  StreamsMonitor:166 - Instagram is running
2015-05-06 13:59:15 INFO  StreamsMonitor:166 - Tumblr is running
2015-05-06 13:59:15 INFO  StreamsMonitor:166 - Twitter is running
2015-05-06 13:59:15 INFO  StreamsMonitor:166 - Instagram is running
2015-05-06 13:59:16 INFO  Stream:111 - Retrieved items for Twitter are : 858
2015-05-06 13:59:17 INFO  StreamsMonitor:166 - Tumblr is running
2015-05-06 13:59:17 INFO  StreamsMonitor:166 - Instagram is running
2015-05-06 13:59:19 INFO  StreamsMonitor:166 - Tumblr is running
2015-05-06 13:59:19 INFO  StreamsMonitor:166 - Instagram is running
2015-05-06 13:59:21 INFO  StreamsMonitor:166 - Tumblr is running
2015-05-06 13:59:21 INFO  StreamsMonitor:166 - Instagram is running
2015-05-06 13:59:23 INFO  StreamsMonitor:166 - Tumblr is running
2015-05-06 13:59:23 INFO  StreamsMonitor:166 - Instagram is running
2015-05-06 13:59:25 INFO  StreamsMonitor:166 - Tumblr is running
2015-05-06 13:59:25 INFO  StreamsMonitor:166 - Instagram is running
2015-05-06 13:59:27 INFO  StreamsMonitor:166 - Tumblr is running
2015-05-06 13:59:27 INFO  StreamsMonitor:166 - Instagram is running
2015-05-06 13:59:29 INFO  StreamsMonitor:166 - Tumblr is running
2015-05-06 13:59:29 INFO  StreamsMonitor:166 - Instagram is running
2015-05-06 13:59:31 INFO  StreamsMonitor:166 - Tumblr is running
2015-05-06 13:59:31 INFO  StreamsMonitor:166 - Instagram is running
2015-05-06 13:59:33 INFO  StreamsMonitor:166 - Tumblr is running
2015-05-06 13:59:33 INFO  StreamsMonitor:166 - Instagram is running
2015-05-06 13:59:35 INFO  StreamsMonitor:166 - Tumblr is running
2015-05-06 13:59:35 INFO  StreamsMonitor:166 - Instagram is running
2015-05-06 13:59:37 INFO  StreamsMonitor:166 - Tumblr is running
2015-05-06 13:59:37 INFO  StreamsMonitor:166 - Instagram is running
2015-05-06 13:59:39 INFO  StreamsMonitor:166 - Tumblr is running
2015-05-06 13:59:39 INFO  StreamsMonitor:166 - Instagram is running
2015-05-06 13:59:41 INFO  StreamsMonitor:166 - Tumblr is running
2015-05-06 13:59:41 INFO  StreamsMonitor:166 - Instagram is running
2015-05-06 13:59:43 INFO  StreamsMonitor:166 - Tumblr is running
2015-05-06 13:59:43 INFO  StreamsMonitor:166 - Instagram is running
2015-05-06 13:59:45 INFO  StreamsMonitor:166 - Tumblr is running
2015-05-06 13:59:45 INFO  StreamsMonitor:166 - Instagram is running
2015-05-06 13:59:47 INFO  StreamsMonitor:166 - Tumblr is running
2015-05-06 13:59:47 INFO  StreamsMonitor:166 - Instagram is running
2015-05-06 13:59:49 INFO  StreamsMonitor:166 - Tumblr is running
2015-05-06 13:59:49 INFO  StreamsMonitor:166 - Instagram is running
2015-05-06 13:59:51 INFO  StreamsMonitor:166 - Tumblr is running
2015-05-06 13:59:51 INFO  StreamsMonitor:166 - Instagram is running
2015-05-06 13:59:53 INFO  StreamsMonitor:166 - Tumblr is running
2015-05-06 13:59:53 INFO  StreamsMonitor:166 - Instagram is running
2015-05-06 13:59:55 INFO  StreamsMonitor:166 - Tumblr is running
2015-05-06 13:59:55 INFO  StreamsMonitor:166 - Instagram is running
2015-05-06 13:59:57 INFO  StreamsMonitor:166 - Tumblr is running
2015-05-06 13:59:57 INFO  StreamsMonitor:166 - Instagram is running
2015-05-06 13:59:59 INFO  Stream:111 - Retrieved items for Instagram are : 1201
2015-05-06 13:59:59 INFO  StreamsMonitor:166 - Tumblr is running
2015-05-06 14:00:01 INFO  StreamsMonitor:166 - Tumblr is running
2015-05-06 14:00:03 INFO  StreamsMonitor:166 - Tumblr is running
2015-05-06 14:00:05 INFO  StreamsMonitor:161 - Submit new task in Tumblr
2015-05-06 14:00:05 INFO  StreamFetchTask:132 - Poll for gr.iti.mklab.sm.feeds.KeywordsFeed@2b3d16a
2015-05-06 14:00:05 INFO  StreamsMonitor:166 - Tumblr is running
2015-05-06 14:00:07 INFO  StreamsMonitor:166 - Tumblr is running
2015-05-06 14:00:09 INFO  StreamsMonitor:166 - Tumblr is running
2015-05-06 14:00:11 INFO  StreamsMonitor:166 - Tumblr is running
2015-05-06 14:00:13 INFO  StreamsMonitor:166 - Tumblr is running
2015-05-06 14:00:15 INFO  StreamsMonitor:166 - Tumblr is running
2015-05-06 14:00:17 INFO  StreamsMonitor:166 - Tumblr is running
2015-05-06 14:00:19 INFO  StreamsMonitor:166 - Tumblr is running
2015-05-06 14:00:21 INFO  StreamsMonitor:166 - Tumblr is running
2015-05-06 14:00:23 INFO  StreamsMonitor:166 - Tumblr is running
2015-05-06 14:00:25 INFO  StreamsMonitor:166 - Tumblr is running
2015-05-06 14:00:27 INFO  StreamsMonitor:166 - Tumblr is running
2015-05-06 14:00:29 INFO  StreamsMonitor:166 - Tumblr is running
2015-05-06 14:00:31 INFO  StreamsMonitor:166 - Tumblr is running
2015-05-06 14:00:33 INFO  StreamsMonitor:166 - Tumblr is running
2015-05-06 14:00:35 INFO  StreamsMonitor:166 - Tumblr is running
2015-05-06 14:00:37 INFO  StreamsMonitor:166 - Tumblr is running
2015-05-06 14:00:39 INFO  StreamsMonitor:166 - Tumblr is running
2015-05-06 14:00:41 INFO  StreamsMonitor:166 - Tumblr is running
2015-05-06 14:00:43 INFO  StreamsMonitor:166 - Tumblr is running
2015-05-06 14:00:45 INFO  StreamsMonitor:166 - Tumblr is running
2015-05-06 14:00:47 INFO  StreamsMonitor:166 - Tumblr is running
2015-05-06 14:00:49 INFO  StreamsMonitor:166 - Tumblr is running
2015-05-06 14:00:51 INFO  StreamsMonitor:166 - Tumblr is running
2015-05-06 14:00:53 INFO  StreamsMonitor:166 - Tumblr is running
2015-05-06 14:00:55 INFO  StreamsMonitor:166 - Tumblr is running
2015-05-06 14:00:57 INFO  StreamsMonitor:166 - Tumblr is running
2015-05-06 14:00:59 INFO  StreamsMonitor:166 - Tumblr is running
2015-05-06 14:01:01 INFO  StreamsMonitor:166 - Tumblr is running
2015-05-06 14:01:03 INFO  StreamsMonitor:166 - Tumblr is running
2015-05-06 14:01:05 INFO  StreamsMonitor:166 - Tumblr is running
2015-05-06 14:01:07 INFO  StreamsMonitor:166 - Tumblr is running
2015-05-06 14:01:09 INFO  StreamsMonitor:166 - Tumblr is running
2015-05-06 14:01:11 INFO  StreamsMonitor:166 - Tumblr is running
2015-05-06 14:01:13 INFO  StreamsMonitor:166 - Tumblr is running
2015-05-06 14:01:15 INFO  StreamsMonitor:166 - Tumblr is running
2015-05-06 14:01:17 INFO  StreamsMonitor:166 - Tumblr is running
2015-05-06 14:01:19 INFO  StreamsMonitor:166 - Tumblr is running
2015-05-06 14:01:21 INFO  StreamsMonitor:166 - Tumblr is running
2015-05-06 14:01:23 INFO  StreamsMonitor:166 - Tumblr is running
2015-05-06 14:01:25 INFO  StreamsMonitor:166 - Tumblr is running
2015-05-06 14:01:27 INFO  StreamsMonitor:166 - Tumblr is running
2015-05-06 14:01:29 INFO  StreamsMonitor:166 - Tumblr is running
2015-05-06 14:01:31 INFO  StreamsMonitor:166 - Tumblr is running
2015-05-06 14:01:33 INFO  StreamsMonitor:166 - Tumblr is running
2015-05-06 14:01:34 INFO  Stream:111 - Retrieved items for Tumblr are : 248
2015-05-06 14:10:06 INFO  StreamsManager:72 - StreamsManager is open now.
2015-05-06 14:10:06 INFO  StreamsMonitor:36 - Initialize Execution Service with 5 threads.
2015-05-06 14:10:06 INFO  MongoDbStorage:53 - Open MongoDB storage <host: 127.0.0.1>
2015-05-06 14:10:06 INFO  StreamsManager:85 - Storage Manager is ready to store.
2015-05-06 14:10:06 INFO  StreamsManager:137 - Start Stream : Flickr
2015-05-06 14:10:06 INFO  FlickrStream:33 - #Flickr : Open stream
2015-05-06 14:10:06 INFO  StreamsMonitor:65 - Start Flickr Fetch Task
2015-05-06 14:10:06 INFO  StreamsManager:137 - Start Stream : Tumblr
2015-05-06 14:10:06 INFO  TumblrStream:32 - #Tumblr : Open stream
2015-05-06 14:10:06 INFO  StreamsMonitor:65 - Start Tumblr Fetch Task
2015-05-06 14:10:06 INFO  StreamsManager:137 - Start Stream : Youtube
2015-05-06 14:10:06 INFO  YoutubeStream:37 - #YouTube : Open stream
2015-05-06 14:10:06 INFO  StreamsMonitor:65 - Start YouTube Fetch Task
2015-05-06 14:10:06 INFO  StreamsManager:137 - Start Stream : Twitter
2015-05-06 14:10:06 INFO  TwitterStream:30 - #Twitter : Open stream
2015-05-06 14:10:06 INFO  TwitterStream:48 - Initialize Twitter Retriever for REST api
2015-05-06 14:10:06 INFO  StreamsMonitor:65 - Start Twitter Fetch Task
2015-05-06 14:10:06 INFO  StreamsManager:137 - Start Stream : Instagram
2015-05-06 14:10:06 INFO  InstagramStream:31 - #Instagram : Open stream
2015-05-06 14:10:06 INFO  StreamsMonitor:65 - Start Instagram Fetch Task
2015-05-06 14:10:08 INFO  StreamsMonitor:161 - Submit new task in Flickr
2015-05-06 14:10:08 INFO  StreamsMonitor:161 - Submit new task in Tumblr
2015-05-06 14:10:08 INFO  StreamFetchTask:132 - Poll for gr.iti.mklab.sm.feeds.KeywordsFeed@71858895
2015-05-06 14:10:08 INFO  StreamsMonitor:161 - Submit new task in Twitter
2015-05-06 14:10:08 INFO  StreamFetchTask:132 - Poll for gr.iti.mklab.sm.feeds.KeywordsFeed@2b3d16a
2015-05-06 14:10:08 INFO  StreamFetchTask:132 - Poll for gr.iti.mklab.sm.feeds.KeywordsFeed@6f12fe01
2015-05-06 14:10:08 INFO  StreamsMonitor:161 - Submit new task in Instagram
2015-05-06 14:10:08 INFO  StreamsMonitor:161 - Submit new task in YouTube
2015-05-06 14:10:08 INFO  StreamFetchTask:132 - Poll for gr.iti.mklab.sm.feeds.KeywordsFeed@daff8f80
2015-05-06 14:10:08 INFO  StreamFetchTask:132 - Poll for gr.iti.mklab.sm.feeds.KeywordsFeed@903712b1
2015-05-06 14:10:08 INFO  TwitterRetriever:178 - Query String: xanthi
2015-05-06 14:10:09 INFO  Stream:111 - Retrieved items for YouTube are : 25
2015-05-06 14:10:10 INFO  StreamsMonitor:166 - Flickr is running
2015-05-06 14:10:10 INFO  StreamsMonitor:166 - Tumblr is running
2015-05-06 14:10:10 INFO  StreamsMonitor:166 - Twitter is running
2015-05-06 14:10:10 INFO  StreamsMonitor:166 - Instagram is running
2015-05-06 14:10:12 INFO  StreamsMonitor:166 - Flickr is running
2015-05-06 14:10:12 INFO  StreamsMonitor:166 - Tumblr is running
2015-05-06 14:10:12 INFO  StreamsMonitor:166 - Twitter is running
2015-05-06 14:10:12 INFO  StreamsMonitor:166 - Instagram is running
2015-05-06 14:10:14 INFO  StreamsMonitor:166 - Flickr is running
2015-05-06 14:10:14 INFO  StreamsMonitor:166 - Tumblr is running
2015-05-06 14:10:14 INFO  StreamsMonitor:166 - Twitter is running
2015-05-06 14:10:14 INFO  StreamsMonitor:166 - Instagram is running
2015-05-06 14:10:16 INFO  Stream:111 - Retrieved items for Flickr are : 31
2015-05-06 14:10:16 INFO  StreamsMonitor:166 - Tumblr is running
2015-05-06 14:10:16 INFO  StreamsMonitor:166 - Twitter is running
2015-05-06 14:10:16 INFO  StreamsMonitor:166 - Instagram is running
2015-05-06 14:10:18 INFO  StreamsMonitor:166 - Tumblr is running
2015-05-06 14:10:18 INFO  StreamsMonitor:166 - Twitter is running
2015-05-06 14:10:18 INFO  StreamsMonitor:166 - Instagram is running
2015-05-06 14:10:20 INFO  StreamsMonitor:166 - Tumblr is running
2015-05-06 14:10:20 INFO  StreamsMonitor:166 - Twitter is running
2015-05-06 14:10:20 INFO  StreamsMonitor:166 - Instagram is running
2015-05-06 14:10:22 INFO  StreamsMonitor:166 - Tumblr is running
2015-05-06 14:10:22 INFO  StreamsMonitor:166 - Twitter is running
2015-05-06 14:10:22 INFO  StreamsMonitor:166 - Instagram is running
2015-05-06 14:10:23 INFO  Stream:111 - Retrieved items for Twitter are : 858
2015-05-06 14:10:24 INFO  StreamsMonitor:166 - Tumblr is running
2015-05-06 14:10:24 INFO  StreamsMonitor:166 - Instagram is running
2015-05-06 14:10:26 INFO  StreamsMonitor:166 - Tumblr is running
2015-05-06 14:10:26 INFO  StreamsMonitor:166 - Instagram is running
2015-05-06 14:10:28 INFO  StreamsMonitor:166 - Tumblr is running
2015-05-06 14:10:28 INFO  StreamsMonitor:166 - Instagram is running
2015-05-06 14:10:30 INFO  StreamsMonitor:166 - Tumblr is running
2015-05-06 14:10:30 INFO  StreamsMonitor:166 - Instagram is running
2015-05-06 14:10:32 INFO  StreamsMonitor:166 - Tumblr is running
2015-05-06 14:10:32 INFO  StreamsMonitor:166 - Instagram is running
2015-05-06 14:10:34 INFO  StreamsMonitor:166 - Tumblr is running
2015-05-06 14:10:34 INFO  StreamsMonitor:166 - Instagram is running
2015-05-06 14:10:36 INFO  StreamsMonitor:166 - Tumblr is running
2015-05-06 14:10:36 INFO  StreamsMonitor:166 - Instagram is running
2015-05-06 14:10:38 INFO  StreamsMonitor:166 - Tumblr is running
2015-05-06 14:10:38 INFO  StreamsMonitor:166 - Instagram is running
2015-05-06 14:10:40 INFO  StreamsMonitor:166 - Tumblr is running
2015-05-06 14:10:40 INFO  StreamsMonitor:166 - Instagram is running
2015-05-06 14:10:42 INFO  StreamsMonitor:166 - Tumblr is running
2015-05-06 14:10:42 INFO  StreamsMonitor:166 - Instagram is running
2015-05-06 14:10:44 INFO  StreamsMonitor:166 - Tumblr is running
2015-05-06 14:10:44 INFO  StreamsMonitor:166 - Instagram is running
2015-05-06 14:10:46 INFO  StreamsMonitor:166 - Tumblr is running
2015-05-06 14:10:46 INFO  StreamsMonitor:166 - Instagram is running
2015-05-06 14:10:48 INFO  StreamsMonitor:166 - Tumblr is running
2015-05-06 14:10:48 INFO  StreamsMonitor:166 - Instagram is running
2015-05-06 14:10:50 INFO  StreamsMonitor:166 - Tumblr is running
2015-05-06 14:10:50 INFO  StreamsMonitor:166 - Instagram is running
2015-05-06 14:10:52 INFO  StreamsMonitor:166 - Tumblr is running
2015-05-06 14:10:52 INFO  StreamsMonitor:166 - Instagram is running
2015-05-06 14:10:54 INFO  StreamsMonitor:166 - Tumblr is running
2015-05-06 14:10:54 INFO  StreamsMonitor:166 - Instagram is running
2015-05-06 14:10:56 INFO  StreamsMonitor:166 - Tumblr is running
2015-05-06 14:10:56 INFO  StreamsMonitor:166 - Instagram is running
2015-05-06 14:10:58 INFO  StreamsMonitor:166 - Tumblr is running
2015-05-06 14:10:58 INFO  StreamsMonitor:166 - Instagram is running
2015-05-06 14:11:00 INFO  StreamsMonitor:166 - Tumblr is running
2015-05-06 14:11:00 INFO  StreamsMonitor:166 - Instagram is running
2015-05-06 14:11:02 INFO  StreamsMonitor:166 - Tumblr is running
2015-05-06 14:11:02 INFO  StreamsMonitor:166 - Instagram is running
2015-05-06 14:11:04 INFO  StreamsMonitor:166 - Tumblr is running
2015-05-06 14:11:04 INFO  StreamsMonitor:166 - Instagram is running
2015-05-06 14:11:06 INFO  StreamsMonitor:166 - Tumblr is running
2015-05-06 14:11:06 INFO  StreamsMonitor:166 - Instagram is running
2015-05-06 14:11:08 INFO  StreamsMonitor:166 - Tumblr is running
2015-05-06 14:11:08 INFO  StreamsMonitor:166 - Instagram is running
2015-05-06 14:11:10 INFO  StreamsMonitor:166 - Tumblr is running
2015-05-06 14:11:10 INFO  StreamsMonitor:166 - Instagram is running
2015-05-06 14:11:12 INFO  StreamsMonitor:166 - Tumblr is running
2015-05-06 14:11:12 INFO  StreamsMonitor:166 - Instagram is running
2015-05-06 14:11:14 INFO  StreamsMonitor:166 - Tumblr is running
2015-05-06 14:11:14 INFO  StreamsMonitor:166 - Instagram is running
2015-05-06 14:11:16 INFO  StreamsMonitor:166 - Tumblr is running
2015-05-06 14:11:16 INFO  StreamsMonitor:166 - Instagram is running
2015-05-06 14:11:18 INFO  Stream:111 - Retrieved items for Instagram are : 1200
2015-05-06 14:11:18 INFO  StreamsMonitor:166 - Tumblr is running
2015-05-06 14:11:20 INFO  StreamsMonitor:166 - Tumblr is running
2015-05-06 14:11:22 INFO  StreamsMonitor:166 - Tumblr is running
2015-05-06 14:11:24 INFO  StreamsMonitor:166 - Tumblr is running
2015-05-06 14:11:26 INFO  StreamsMonitor:166 - Tumblr is running
2015-05-06 14:11:28 INFO  StreamsMonitor:166 - Tumblr is running
2015-05-06 14:11:30 INFO  StreamsMonitor:166 - Tumblr is running
2015-05-06 14:11:32 INFO  StreamsMonitor:166 - Tumblr is running
2015-05-06 14:11:34 INFO  StreamsMonitor:166 - Tumblr is running
2015-05-06 14:11:36 INFO  StreamsMonitor:166 - Tumblr is running
2015-05-06 14:11:38 INFO  StreamsMonitor:166 - Tumblr is running
2015-05-06 14:11:40 INFO  StreamsMonitor:166 - Tumblr is running
2015-05-06 14:11:42 INFO  StreamsMonitor:166 - Tumblr is running
2015-05-06 14:11:44 INFO  StreamsMonitor:166 - Tumblr is running
2015-05-06 14:11:46 INFO  StreamsMonitor:166 - Tumblr is running
2015-05-06 14:11:48 INFO  StreamsMonitor:166 - Tumblr is running
2015-05-06 14:11:50 INFO  StreamsMonitor:166 - Tumblr is running
2015-05-06 14:11:52 INFO  StreamsMonitor:166 - Tumblr is running
2015-05-06 14:11:54 INFO  StreamsMonitor:166 - Tumblr is running
2015-05-06 14:11:56 INFO  StreamsMonitor:166 - Tumblr is running
2015-05-06 14:11:58 INFO  StreamsMonitor:166 - Tumblr is running
2015-05-06 14:12:00 INFO  StreamsMonitor:166 - Tumblr is running
2015-05-06 14:12:02 INFO  StreamsMonitor:166 - Tumblr is running
2015-05-06 14:12:04 INFO  StreamsMonitor:166 - Tumblr is running
2015-05-06 14:12:06 INFO  StreamsMonitor:166 - Tumblr is running
2015-05-06 14:12:08 INFO  StreamsMonitor:166 - Tumblr is running
2015-05-06 14:12:10 INFO  StreamsMonitor:166 - Tumblr is running
2015-05-06 14:12:12 INFO  StreamsMonitor:166 - Tumblr is running
2015-05-06 14:12:14 INFO  StreamsMonitor:166 - Tumblr is running
2015-05-06 14:12:16 INFO  StreamsMonitor:166 - Tumblr is running
2015-05-06 14:12:18 INFO  StreamsMonitor:166 - Tumblr is running
2015-05-06 14:12:20 INFO  StreamsMonitor:166 - Tumblr is running
2015-05-06 14:12:22 INFO  StreamsMonitor:166 - Tumblr is running
2015-05-06 14:12:24 INFO  StreamsMonitor:166 - Tumblr is running
2015-05-06 14:12:26 INFO  StreamsMonitor:166 - Tumblr is running
2015-05-06 14:12:28 INFO  StreamsMonitor:166 - Tumblr is running
2015-05-06 14:12:30 INFO  StreamsMonitor:166 - Tumblr is running
2015-05-06 14:12:32 INFO  StreamsMonitor:166 - Tumblr is running
2015-05-06 14:12:34 INFO  StreamsMonitor:166 - Tumblr is running
2015-05-06 14:12:36 INFO  StreamsMonitor:166 - Tumblr is running
2015-05-06 14:12:38 INFO  StreamsMonitor:166 - Tumblr is running
2015-05-06 14:12:40 INFO  StreamsMonitor:166 - Tumblr is running
2015-05-06 14:12:42 INFO  StreamsMonitor:166 - Tumblr is running
2015-05-06 14:12:44 INFO  StreamsMonitor:166 - Tumblr is running
2015-05-06 14:12:46 INFO  StreamsMonitor:166 - Tumblr is running
2015-05-06 14:12:48 INFO  StreamsMonitor:166 - Tumblr is running
2015-05-06 14:12:50 INFO  StreamsMonitor:166 - Tumblr is running
2015-05-06 14:12:52 INFO  StreamsMonitor:166 - Tumblr is running
2015-05-06 14:12:54 INFO  Stream:111 - Retrieved items for Tumblr are : 248
